2025-06-11 17:26:13,583 [main] INFO WorkRoomWebApplication - ************* Launching CHROME Browser *****************
2025-06-11 17:26:15,923 [main] INFO WorkRoomWebApplication - ************* Browser Launched and Maximized *****************
2025-06-11 17:26:17,680 [main] INFO WorkRoomWebApplication - ************* Get The Application URL  *****************
2025-06-11 17:26:25,480 [main] INFO WorkRoomWebApplication - ************* Enter the Email *****************
2025-06-11 17:26:26,586 [main] INFO WorkRoomWebApplication - ************* Enter the Password *****************
2025-06-11 17:26:30,872 [main] INFO WorkRoomWebApplication - ************* Click on the Login Button *****************
2025-06-11 17:26:31,069 [main] INFO WorkRoomWebApplication - *** Moving to employee page ***
2025-06-11 17:26:38,114 [main] INFO WorkRoomWebApplication - *** Clicked Add Employee Button ***
2025-06-11 17:26:38,639 [main] INFO WorkRoomWebApplication - *** Checking and selcting the Department Dropdown ***
2025-06-11 17:26:39,453 [main] INFO WorkRoomWebApplication - *** Filling up employee name ***
2025-06-11 17:26:40,128 [main] INFO WorkRoomWebApplication - *** Filling up employee email ***
2025-06-11 17:26:40,796 [main] INFO WorkRoomWebApplication - *** Filling up employee phonenumber ***
2025-06-11 17:26:41,412 [main] INFO WorkRoomWebApplication - *** Filling up employee Address ***
2025-06-11 17:26:42,081 [main] INFO WorkRoomWebApplication - *** Filling up employee City ***
2025-06-11 17:26:42,674 [main] INFO WorkRoomWebApplication - *** Selecting the Employee country ***
2025-06-11 17:26:47,003 [main] INFO WorkRoomWebApplication - *** Clicked show radio button ***
2025-06-11 17:26:47,344 [main] INFO WorkRoomWebApplication - *** Upload employee image ***
2025-06-11 17:26:47,518 [main] INFO WorkRoomWebApplication - *** Clicked on save button***
2025-06-11 17:26:58,897 [main] INFO WorkRoomWebApplication - *** Check for the Toast Message ***
2025-06-13 17:31:47,725 [main] INFO WorkRoomWebApplication - ************* Launching CHROME Browser *****************
2025-06-13 17:31:50,065 [main] INFO WorkRoomWebApplication - ************* Browser Launched and Maximized *****************
2025-06-13 17:31:51,660 [main] INFO WorkRoomWebApplication - ************* Get The Application URL  *****************
2025-06-13 17:31:55,355 [main] INFO WorkRoomWebApplication - ************* Enter the Email *****************
2025-06-13 17:31:56,108 [main] INFO WorkRoomWebApplication - ************* Enter the Password *****************
2025-06-13 17:32:00,615 [main] INFO WorkRoomWebApplication - ************* Click on the Login Button *****************
2025-06-13 17:32:01,048 [main] INFO WorkRoomWebApplication - *** Moving to employee page ***
2025-06-13 17:33:54,363 [main] INFO WorkRoomWebApplication - ************* Launching CHROME Browser *****************
2025-06-13 17:33:56,120 [main] INFO WorkRoomWebApplication - ************* Browser Launched and Maximized *****************
2025-06-13 17:33:57,555 [main] INFO WorkRoomWebApplication - ************* Get The Application URL  *****************
2025-06-13 17:34:01,472 [main] INFO WorkRoomWebApplication - ************* Enter the Email *****************
2025-06-13 17:34:02,327 [main] INFO WorkRoomWebApplication - ************* Enter the Password *****************
2025-06-13 17:34:06,954 [main] INFO WorkRoomWebApplication - ************* Click on the Login Button *****************
2025-06-13 17:34:07,283 [main] INFO WorkRoomWebApplication - *** Moving to employee page ***
2025-06-13 17:34:14,822 [main] INFO WorkRoomWebApplication - *** Clicked Add Employee Button ***
2025-06-13 17:34:15,091 [main] INFO WorkRoomWebApplication - *** Checking and selcting the Department Dropdown ***
2025-06-13 17:34:54,797 [main] INFO WorkRoomWebApplication - ************* Launching CHROME Browser *****************
2025-06-13 17:34:56,608 [main] INFO WorkRoomWebApplication - ************* Browser Launched and Maximized *****************
2025-06-13 17:34:58,040 [main] INFO WorkRoomWebApplication - ************* Get The Application URL  *****************
2025-06-13 17:35:01,673 [main] INFO WorkRoomWebApplication - ************* Enter the Email *****************
2025-06-13 17:35:02,292 [main] INFO WorkRoomWebApplication - ************* Enter the Password *****************
2025-06-13 17:35:06,577 [main] INFO WorkRoomWebApplication - ************* Click on the Login Button *****************
2025-06-13 17:35:06,936 [main] INFO WorkRoomWebApplication - *** Moving to employee page ***
2025-06-13 17:35:13,715 [main] INFO WorkRoomWebApplication - *** Clicked Add Employee Button ***
2025-06-13 17:35:14,017 [main] INFO WorkRoomWebApplication - *** Checking and selcting the Department Dropdown ***
2025-06-13 17:36:39,247 [main] INFO WorkRoomWebApplication - ************* Launching CHROME Browser *****************
2025-06-13 17:36:41,191 [main] INFO WorkRoomWebApplication - ************* Browser Launched and Maximized *****************
2025-06-13 17:36:42,715 [main] INFO WorkRoomWebApplication - ************* Get The Application URL  *****************
2025-06-13 17:36:47,087 [main] INFO WorkRoomWebApplication - ************* Enter the Email *****************
2025-06-13 17:36:47,968 [main] INFO WorkRoomWebApplication - ************* Enter the Password *****************
2025-06-13 17:36:52,564 [main] INFO WorkRoomWebApplication - ************* Click on the Login Button *****************
2025-06-13 17:36:52,984 [main] INFO WorkRoomWebApplication - *** Moving to employee page ***
2025-06-13 17:36:59,561 [main] INFO WorkRoomWebApplication - *** Clicked Add Employee Button ***
2025-06-13 17:36:59,938 [main] INFO WorkRoomWebApplication - *** Checking and selcting the Department Dropdown ***
2025-06-13 17:40:38,771 [main] INFO WorkRoomWebApplication - ************* Launching CHROME Browser *****************
2025-06-13 17:40:40,640 [main] INFO WorkRoomWebApplication - ************* Browser Launched and Maximized *****************
2025-06-13 17:40:42,082 [main] INFO WorkRoomWebApplication - ************* Get The Application URL  *****************
2025-06-13 17:40:45,490 [main] INFO WorkRoomWebApplication - ************* Enter the Email *****************
2025-06-13 17:40:45,982 [main] INFO WorkRoomWebApplication - ************* Enter the Password *****************
2025-06-13 17:40:50,340 [main] INFO WorkRoomWebApplication - ************* Click on the Login Button *****************
2025-06-13 17:40:50,607 [main] INFO WorkRoomWebApplication - *** Moving to employee page ***
2025-06-13 17:40:57,158 [main] INFO WorkRoomWebApplication - *** Clicked Add Employee Button ***
2025-06-13 17:40:57,559 [main] INFO WorkRoomWebApplication - *** Checking and selcting the Department Dropdown ***
2025-06-13 17:40:58,054 [main] INFO WorkRoomWebApplication - *** Filling up employee name ***
2025-06-13 17:43:44,972 [main] INFO WorkRoomWebApplication - ************* Launching CHROME Browser *****************
2025-06-13 17:43:46,914 [main] INFO WorkRoomWebApplication - ************* Browser Launched and Maximized *****************
2025-06-13 17:43:48,369 [main] INFO WorkRoomWebApplication - ************* Get The Application URL  *****************
2025-06-13 17:43:51,863 [main] INFO WorkRoomWebApplication - ************* Enter the Email *****************
2025-06-13 17:43:52,350 [main] INFO WorkRoomWebApplication - ************* Enter the Password *****************
2025-06-13 17:43:56,882 [main] INFO WorkRoomWebApplication - ************* Click on the Login Button *****************
2025-06-13 17:43:57,276 [main] INFO WorkRoomWebApplication - *** Moving to employee page ***
2025-06-13 17:44:04,590 [main] INFO WorkRoomWebApplication - *** Clicked Add Employee Button ***
2025-06-13 17:44:04,867 [main] INFO WorkRoomWebApplication - *** Filling up employee name ***
2025-06-13 17:44:05,468 [main] INFO WorkRoomWebApplication - *** Filling up employee email ***
2025-06-13 17:44:06,061 [main] INFO WorkRoomWebApplication - *** Filling up employee phonenumber ***
2025-06-13 17:44:06,665 [main] INFO WorkRoomWebApplication - *** Filling up employee Address ***
2025-06-13 17:44:07,284 [main] INFO WorkRoomWebApplication - *** Filling up employee City ***
2025-06-13 17:44:07,631 [main] INFO WorkRoomWebApplication - *** Selecting the Employee country ***
2025-06-13 17:44:11,619 [main] INFO WorkRoomWebApplication - *** Clicked show radio button ***
2025-06-13 17:44:11,927 [main] INFO WorkRoomWebApplication - *** Upload employee image ***
2025-06-13 17:44:12,117 [main] INFO WorkRoomWebApplication - *** Clicked on save button***
2025-06-13 17:44:12,444 [main] INFO WorkRoomWebApplication - *** Check for the Toast Message ***
2025-06-13 17:45:01,800 [main] INFO WorkRoomWebApplication - ************* Launching CHROME Browser *****************
2025-06-13 17:45:04,379 [main] INFO WorkRoomWebApplication - ************* Browser Launched and Maximized *****************
2025-06-13 17:45:06,374 [main] INFO WorkRoomWebApplication - ************* Get The Application URL  *****************
2025-06-13 17:45:09,729 [main] INFO WorkRoomWebApplication - ************* Enter the Email *****************
2025-06-13 17:45:10,309 [main] INFO WorkRoomWebApplication - ************* Enter the Password *****************
2025-06-13 17:45:14,605 [main] INFO WorkRoomWebApplication - ************* Click on the Login Button *****************
2025-06-13 17:45:14,777 [main] INFO WorkRoomWebApplication - *** Moving to employee page ***
2025-06-13 17:45:21,615 [main] INFO WorkRoomWebApplication - *** Clicked Add Employee Button ***
2025-06-13 17:45:21,975 [main] INFO WorkRoomWebApplication - *** Filling up employee name ***
2025-06-13 17:45:22,407 [main] INFO WorkRoomWebApplication - *** Filling up employee email ***
2025-06-13 17:45:22,996 [main] INFO WorkRoomWebApplication - *** Filling up employee phonenumber ***
2025-06-13 17:45:23,322 [main] INFO WorkRoomWebApplication - *** Filling up employee Address ***
2025-06-13 17:45:23,733 [main] INFO WorkRoomWebApplication - *** Filling up employee City ***
2025-06-13 17:45:24,078 [main] INFO WorkRoomWebApplication - *** Selecting the Employee country ***
2025-06-13 17:45:27,279 [main] INFO WorkRoomWebApplication - *** Clicked show radio button ***
2025-06-13 17:45:27,463 [main] INFO WorkRoomWebApplication - *** Upload employee image ***
2025-06-13 17:45:27,566 [main] INFO WorkRoomWebApplication - *** Clicked on save button***
2025-06-13 17:45:35,125 [main] INFO WorkRoomWebApplication - *** Check for the Toast Message ***
2025-06-13 17:50:41,790 [main] INFO WorkRoomWebApplication - ************* Launching CHROME Browser *****************
2025-06-13 17:50:43,961 [main] INFO WorkRoomWebApplication - ************* Browser Launched and Maximized *****************
2025-06-13 17:50:45,821 [main] INFO WorkRoomWebApplication - ************* Get The Application URL  *****************
2025-06-13 17:50:49,608 [main] INFO WorkRoomWebApplication - ************* Enter the Email *****************
2025-06-13 17:50:50,018 [main] INFO WorkRoomWebApplication - ************* Enter the Password *****************
2025-06-13 17:50:54,321 [main] INFO WorkRoomWebApplication - ************* Click on the Login Button *****************
2025-06-13 17:50:54,487 [main] INFO WorkRoomWebApplication - *** Moving to employee page ***
2025-06-13 17:51:01,207 [main] INFO WorkRoomWebApplication - *** Clicked Add Employee Button ***
2025-06-13 17:51:01,568 [main] INFO WorkRoomWebApplication - *** Filling up employee name ***
2025-06-13 17:51:02,173 [main] INFO WorkRoomWebApplication - *** Filling up employee email ***
2025-06-13 17:51:02,673 [main] INFO WorkRoomWebApplication - *** Filling up employee phonenumber ***
2025-06-13 17:51:03,003 [main] INFO WorkRoomWebApplication - *** Filling up employee Address ***
2025-06-13 17:51:03,463 [main] INFO WorkRoomWebApplication - *** Filling up employee City ***
2025-06-13 17:51:03,804 [main] INFO WorkRoomWebApplication - *** Selecting the Employee country ***
2025-06-13 17:51:06,611 [main] INFO WorkRoomWebApplication - *** Clicked show radio button ***
2025-06-13 17:51:06,777 [main] INFO WorkRoomWebApplication - *** Upload employee image ***
2025-06-13 17:51:06,901 [main] INFO WorkRoomWebApplication - *** Clicked on save button***
2025-06-13 17:51:25,292 [main] INFO WorkRoomWebApplication - *** Check for the Toast Message ***
2025-06-13 17:52:24,991 [main] INFO WorkRoomWebApplication - ************* Launching CHROME Browser *****************
2025-06-13 17:52:27,238 [main] INFO WorkRoomWebApplication - ************* Browser Launched and Maximized *****************
2025-06-13 17:52:29,211 [main] INFO WorkRoomWebApplication - ************* Get The Application URL  *****************
2025-06-13 17:52:33,175 [main] INFO WorkRoomWebApplication - ************* Enter the Email *****************
2025-06-13 17:52:33,623 [main] INFO WorkRoomWebApplication - ************* Enter the Password *****************
2025-06-13 17:52:37,941 [main] INFO WorkRoomWebApplication - ************* Click on the Login Button *****************
2025-06-13 17:52:38,117 [main] INFO WorkRoomWebApplication - *** Moving to employee page ***
2025-06-13 17:52:44,827 [main] INFO WorkRoomWebApplication - *** Clicked Add Employee Button ***
2025-06-13 17:52:45,165 [main] INFO WorkRoomWebApplication - *** Filling up employee name ***
2025-06-13 17:52:45,611 [main] INFO WorkRoomWebApplication - *** Filling up employee email ***
2025-06-13 17:52:46,106 [main] INFO WorkRoomWebApplication - *** Filling up employee phonenumber ***
2025-06-13 17:52:46,500 [main] INFO WorkRoomWebApplication - *** Filling up employee Address ***
2025-06-13 17:52:46,956 [main] INFO WorkRoomWebApplication - *** Filling up employee City ***
2025-06-13 17:52:47,314 [main] INFO WorkRoomWebApplication - *** Selecting the Employee country ***
2025-06-13 17:52:50,168 [main] INFO WorkRoomWebApplication - *** Clicked show radio button ***
2025-06-13 17:52:50,372 [main] INFO WorkRoomWebApplication - *** Upload employee image ***
2025-06-13 17:52:50,492 [main] INFO WorkRoomWebApplication - *** Clicked on save button***
2025-06-13 17:52:57,351 [main] INFO WorkRoomWebApplication - *** Check for the Toast Message ***
2025-06-13 17:53:52,484 [main] INFO WorkRoomWebApplication - ************* Launching CHROME Browser *****************
2025-06-13 17:53:54,867 [main] INFO WorkRoomWebApplication - ************* Browser Launched and Maximized *****************
2025-06-13 17:53:56,946 [main] INFO WorkRoomWebApplication - ************* Get The Application URL  *****************
2025-06-13 17:54:01,696 [main] INFO WorkRoomWebApplication - ************* Enter the Email *****************
2025-06-13 17:54:02,358 [main] INFO WorkRoomWebApplication - ************* Enter the Password *****************
2025-06-13 17:54:06,871 [main] INFO WorkRoomWebApplication - ************* Click on the Login Button *****************
2025-06-13 17:54:07,062 [main] INFO WorkRoomWebApplication - *** Moving to employee page ***
2025-06-13 17:54:13,591 [main] INFO WorkRoomWebApplication - *** Clicked Add Employee Button ***
2025-06-13 17:54:13,881 [main] INFO WorkRoomWebApplication - *** Filling up employee name ***
2025-06-13 17:54:14,345 [main] INFO WorkRoomWebApplication - *** Filling up employee email ***
2025-06-13 17:54:14,913 [main] INFO WorkRoomWebApplication - *** Filling up employee phonenumber ***
2025-06-13 17:54:15,246 [main] INFO WorkRoomWebApplication - *** Filling up employee Address ***
2025-06-13 17:54:15,686 [main] INFO WorkRoomWebApplication - *** Filling up employee City ***
2025-06-13 17:54:16,042 [main] INFO WorkRoomWebApplication - *** Selecting the Employee country ***
2025-06-13 17:54:18,698 [main] INFO WorkRoomWebApplication - *** Clicked show radio button ***
2025-06-13 17:54:18,919 [main] INFO WorkRoomWebApplication - *** Upload employee image ***
2025-06-13 17:54:19,051 [main] INFO WorkRoomWebApplication - *** Clicked on save button***
2025-06-13 17:54:40,130 [main] INFO WorkRoomWebApplication - *** Check for the Toast Message ***
2025-06-13 17:55:18,355 [main] INFO WorkRoomWebApplication - ************* Launching CHROME Browser *****************
2025-06-13 17:55:20,644 [main] INFO WorkRoomWebApplication - ************* Browser Launched and Maximized *****************
2025-06-13 17:55:22,633 [main] INFO WorkRoomWebApplication - ************* Get The Application URL  *****************
2025-06-13 17:55:26,818 [main] INFO WorkRoomWebApplication - ************* Enter the Email *****************
2025-06-13 17:55:27,374 [main] INFO WorkRoomWebApplication - ************* Enter the Password *****************
2025-06-13 17:55:31,664 [main] INFO WorkRoomWebApplication - ************* Click on the Login Button *****************
2025-06-13 17:55:31,969 [main] INFO WorkRoomWebApplication - *** Moving to employee page ***
2025-06-13 17:55:38,683 [main] INFO WorkRoomWebApplication - *** Clicked Add Employee Button ***
2025-06-13 17:55:38,955 [main] INFO WorkRoomWebApplication - *** Filling up employee name ***
2025-06-13 17:55:39,490 [main] INFO WorkRoomWebApplication - *** Filling up employee email ***
2025-06-13 17:55:39,994 [main] INFO WorkRoomWebApplication - *** Filling up employee phonenumber ***
2025-06-13 17:55:40,415 [main] INFO WorkRoomWebApplication - *** Filling up employee Address ***
2025-06-13 17:55:41,006 [main] INFO WorkRoomWebApplication - *** Filling up employee City ***
2025-06-13 17:55:41,423 [main] INFO WorkRoomWebApplication - *** Selecting the Employee country ***
2025-06-13 17:55:44,864 [main] INFO WorkRoomWebApplication - *** Clicked show radio button ***
2025-06-13 17:55:45,089 [main] INFO WorkRoomWebApplication - *** Upload employee image ***
2025-06-13 17:55:45,301 [main] INFO WorkRoomWebApplication - *** Clicked on save button***
2025-06-13 17:55:53,757 [main] INFO WorkRoomWebApplication - *** Check for the Toast Message ***
2025-06-13 17:56:26,732 [main] INFO WorkRoomWebApplication - ************* Launching CHROME Browser *****************
2025-06-13 17:56:29,051 [main] INFO WorkRoomWebApplication - ************* Browser Launched and Maximized *****************
2025-06-13 17:56:31,266 [main] INFO WorkRoomWebApplication - ************* Get The Application URL  *****************
2025-06-13 17:56:34,899 [main] INFO WorkRoomWebApplication - ************* Enter the Email *****************
2025-06-13 17:56:35,347 [main] INFO WorkRoomWebApplication - ************* Enter the Password *****************
2025-06-13 17:56:39,668 [main] INFO WorkRoomWebApplication - ************* Click on the Login Button *****************
2025-06-13 17:56:39,942 [main] INFO WorkRoomWebApplication - *** Moving to employee page ***
2025-06-13 17:56:46,619 [main] INFO WorkRoomWebApplication - *** Clicked Add Employee Button ***
2025-06-13 17:56:46,879 [main] INFO WorkRoomWebApplication - *** Filling up employee name ***
2025-06-13 17:56:47,267 [main] INFO WorkRoomWebApplication - *** Filling up employee email ***
2025-06-13 17:56:47,786 [main] INFO WorkRoomWebApplication - *** Filling up employee phonenumber ***
2025-06-13 17:56:48,387 [main] INFO WorkRoomWebApplication - *** Filling up employee Address ***
2025-06-13 17:56:48,944 [main] INFO WorkRoomWebApplication - *** Filling up employee City ***
2025-06-13 17:56:49,302 [main] INFO WorkRoomWebApplication - *** Selecting the Employee country ***
2025-06-13 17:56:52,024 [main] INFO WorkRoomWebApplication - *** Clicked show radio button ***
2025-06-13 17:56:52,226 [main] INFO WorkRoomWebApplication - *** Upload employee image ***
2025-06-13 17:56:52,378 [main] INFO WorkRoomWebApplication - *** Clicked on save button***
2025-06-13 17:57:12,341 [main] INFO WorkRoomWebApplication - *** Check for the Toast Message ***
2025-06-13 17:58:02,378 [main] INFO WorkRoomWebApplication - ************* Launching CHROME Browser *****************
2025-06-13 17:58:04,178 [main] INFO WorkRoomWebApplication - ************* Browser Launched and Maximized *****************
2025-06-13 17:58:05,624 [main] INFO WorkRoomWebApplication - ************* Get The Application URL  *****************
2025-06-13 17:58:09,480 [main] INFO WorkRoomWebApplication - ************* Enter the Email *****************
2025-06-13 17:58:10,076 [main] INFO WorkRoomWebApplication - ************* Enter the Password *****************
2025-06-13 17:58:14,526 [main] INFO WorkRoomWebApplication - ************* Click on the Login Button *****************
2025-06-13 17:58:14,846 [main] INFO WorkRoomWebApplication - *** Moving to employee page ***
2025-06-13 17:58:21,218 [main] INFO WorkRoomWebApplication - *** Clicked Add Employee Button ***
2025-06-13 17:58:21,522 [main] INFO WorkRoomWebApplication - *** Filling up employee name ***
2025-06-13 17:58:22,073 [main] INFO WorkRoomWebApplication - *** Filling up employee email ***
2025-06-13 17:58:22,561 [main] INFO WorkRoomWebApplication - *** Filling up employee phonenumber ***
2025-06-13 17:58:22,905 [main] INFO WorkRoomWebApplication - *** Filling up employee Address ***
2025-06-13 17:58:23,469 [main] INFO WorkRoomWebApplication - *** Filling up employee City ***
2025-06-13 17:58:23,909 [main] INFO WorkRoomWebApplication - *** Selecting the Employee country ***
2025-06-13 17:58:27,406 [main] INFO WorkRoomWebApplication - *** Clicked show radio button ***
2025-06-13 17:58:27,677 [main] INFO WorkRoomWebApplication - *** Upload employee image ***
2025-06-13 17:58:27,826 [main] INFO WorkRoomWebApplication - *** Clicked on save button***
2025-06-13 17:58:34,849 [main] INFO WorkRoomWebApplication - *** Check for the Toast Message ***
2025-06-13 17:58:50,985 [main] INFO WorkRoomWebApplication - ************* Launching CHROME Browser *****************
2025-06-13 17:58:53,477 [main] INFO WorkRoomWebApplication - ************* Browser Launched and Maximized *****************
2025-06-13 17:58:55,685 [main] INFO WorkRoomWebApplication - ************* Get The Application URL  *****************
2025-06-13 17:58:59,646 [main] INFO WorkRoomWebApplication - ************* Enter the Email *****************
2025-06-13 17:59:00,288 [main] INFO WorkRoomWebApplication - ************* Enter the Password *****************
2025-06-13 17:59:04,701 [main] INFO WorkRoomWebApplication - ************* Click on the Login Button *****************
2025-06-13 17:59:05,073 [main] INFO WorkRoomWebApplication - *** Moving to employee page ***
2025-06-13 17:59:11,838 [main] INFO WorkRoomWebApplication - *** Clicked Add Employee Button ***
2025-06-13 17:59:12,150 [main] INFO WorkRoomWebApplication - *** Filling up employee name ***
2025-06-13 17:59:12,463 [main] INFO WorkRoomWebApplication - *** Filling up employee email ***
2025-06-13 17:59:13,023 [main] INFO WorkRoomWebApplication - *** Filling up employee phonenumber ***
2025-06-13 17:59:13,318 [main] INFO WorkRoomWebApplication - *** Filling up employee Address ***
2025-06-13 17:59:13,614 [main] INFO WorkRoomWebApplication - *** Filling up employee City ***
2025-06-13 17:59:13,891 [main] INFO WorkRoomWebApplication - *** Selecting the Employee country ***
2025-06-13 17:59:16,937 [main] INFO WorkRoomWebApplication - *** Clicked show radio button ***
2025-06-13 17:59:17,229 [main] INFO WorkRoomWebApplication - *** Upload employee image ***
2025-06-13 17:59:17,403 [main] INFO WorkRoomWebApplication - *** Clicked on save button***
2025-06-13 17:59:23,447 [main] INFO WorkRoomWebApplication - *** Check for the Toast Message ***
2025-06-16 15:21:15,196 [main] INFO WorkRoomWebApplication - ************* Launching CHROME Browser *****************
2025-06-16 15:21:17,175 [main] INFO WorkRoomWebApplication - ************* Browser Launched and Maximized *****************
2025-06-16 15:21:19,343 [main] INFO WorkRoomWebApplication - ************* Get The Application URL  *****************
2025-06-16 15:21:23,093 [main] INFO WorkRoomWebApplication - ************* Enter the Email *****************
2025-06-16 15:21:24,199 [main] INFO WorkRoomWebApplication - ************* Enter the Password *****************
2025-06-16 15:21:28,814 [main] INFO WorkRoomWebApplication - ************* Click on the Login Button *****************
2025-06-16 15:21:29,259 [main] INFO WorkRoomWebApplication - *** Moving to employee page ***
2025-06-16 15:21:37,364 [main] INFO WorkRoomWebApplication - *** Clicked Add Employee Button ***
2025-06-16 15:21:37,636 [main] INFO WorkRoomWebApplication - *** Filling up employee name ***
2025-06-16 15:21:38,316 [main] INFO WorkRoomWebApplication - *** Filling up employee email ***
2025-06-16 15:21:39,268 [main] INFO WorkRoomWebApplication - *** Filling up employee phonenumber ***
2025-06-16 15:21:39,891 [main] INFO WorkRoomWebApplication - *** Filling up employee Address ***
2025-06-16 15:21:40,594 [main] INFO WorkRoomWebApplication - *** Filling up employee City ***
2025-06-16 15:21:41,050 [main] INFO WorkRoomWebApplication - *** Selecting the Employee country ***
2025-06-16 15:21:45,683 [main] INFO WorkRoomWebApplication - *** Clicked show radio button ***
2025-06-16 15:21:45,948 [main] INFO WorkRoomWebApplication - *** Upload employee image ***
2025-06-16 15:21:46,041 [main] INFO WorkRoomWebApplication - *** Clicked on save button***
2025-06-16 15:22:05,629 [main] INFO WorkRoomWebApplication - *** Check for the Toast Message ***
2025-06-16 15:22:05,813 [main] INFO WorkRoomWebApplication - *** Verifying invitation email ***
2025-06-16 15:30:50,676 [main] INFO WorkRoomWebApplication - ************* Launching CHROME Browser *****************
2025-06-16 15:30:52,688 [main] INFO WorkRoomWebApplication - ************* Browser Launched and Maximized *****************
2025-06-16 15:30:54,199 [main] INFO WorkRoomWebApplication - ************* Get The Application URL  *****************
2025-06-16 15:30:58,300 [main] INFO WorkRoomWebApplication - ************* Enter the Email *****************
2025-06-16 15:30:59,118 [main] INFO WorkRoomWebApplication - ************* Enter the Password *****************
2025-06-16 15:31:03,636 [main] INFO WorkRoomWebApplication - ************* Click on the Login Button *****************
2025-06-16 15:31:03,996 [main] INFO WorkRoomWebApplication - *** Moving to employee page ***
2025-06-16 15:31:10,597 [main] INFO WorkRoomWebApplication - *** Clicked Add Employee Button ***
2025-06-16 15:31:10,873 [main] INFO WorkRoomWebApplication - *** Filling up employee name ***
2025-06-16 15:31:11,530 [main] INFO WorkRoomWebApplication - *** Filling up employee email ***
2025-06-16 15:31:12,250 [main] INFO WorkRoomWebApplication - *** Filling up employee phonenumber ***
2025-06-16 15:31:12,638 [main] INFO WorkRoomWebApplication - *** Filling up employee Address ***
2025-06-16 15:31:13,237 [main] INFO WorkRoomWebApplication - *** Filling up employee City ***
2025-06-16 15:31:13,787 [main] INFO WorkRoomWebApplication - *** Selecting the Employee country ***
2025-06-16 15:31:17,305 [main] INFO WorkRoomWebApplication - *** Clicked show radio button ***
2025-06-16 15:31:17,462 [main] INFO WorkRoomWebApplication - *** Upload employee image ***
2025-06-16 15:31:17,545 [main] INFO WorkRoomWebApplication - *** Clicked on save button***
2025-06-16 15:31:26,471 [main] INFO WorkRoomWebApplication - *** Check for the Toast Message ***
2025-06-16 15:31:26,572 [main] INFO WorkRoomWebApplication - *** Verifying invitation email ***
2025-06-16 15:48:21,520 [main] INFO WorkRoomWebApplication - ************* Launching CHROME Browser *****************
2025-06-16 15:48:23,401 [main] INFO WorkRoomWebApplication - ************* Browser Launched and Maximized *****************
2025-06-16 15:48:24,869 [main] INFO WorkRoomWebApplication - ************* Get The Application URL  *****************
2025-06-16 15:48:28,263 [main] INFO WorkRoomWebApplication - ************* Enter the Email *****************
2025-06-16 15:48:28,724 [main] INFO WorkRoomWebApplication - ************* Enter the Password *****************
2025-06-16 15:48:33,089 [main] INFO WorkRoomWebApplication - ************* Click on the Login Button *****************
2025-06-16 15:48:33,456 [main] INFO WorkRoomWebApplication - *** Moving to employee page ***
2025-06-16 15:48:39,932 [main] INFO WorkRoomWebApplication - *** Clicked Add Employee Button ***
2025-06-16 15:48:40,283 [main] INFO WorkRoomWebApplication - *** Filling up employee name ***
2025-06-16 15:48:40,906 [main] INFO WorkRoomWebApplication - *** Filling up employee email ***
2025-06-16 15:48:41,562 [main] INFO WorkRoomWebApplication - *** Filling up employee phonenumber ***
2025-06-16 15:48:41,851 [main] INFO WorkRoomWebApplication - *** Filling up employee Address ***
2025-06-16 15:48:42,427 [main] INFO WorkRoomWebApplication - *** Filling up employee City ***
2025-06-16 15:48:42,702 [main] INFO WorkRoomWebApplication - *** Selecting the Employee country ***
2025-06-16 15:48:45,455 [main] INFO WorkRoomWebApplication - *** Clicked show radio button ***
2025-06-16 15:48:45,755 [main] INFO WorkRoomWebApplication - *** Upload employee image ***
2025-06-16 15:48:45,925 [main] INFO WorkRoomWebApplication - *** Clicked on save button***
2025-06-16 15:49:07,174 [main] INFO WorkRoomWebApplication - *** Check for the Toast Message ***
2025-06-16 15:49:07,354 [main] INFO WorkRoomWebApplication - *** Verifying invitation email ***
2025-06-16 15:58:15,162 [main] INFO WorkRoomWebApplication - ************* Launching CHROME Browser *****************
2025-06-16 15:58:17,065 [main] INFO WorkRoomWebApplication - ************* Browser Launched and Maximized *****************
2025-06-16 15:58:18,496 [main] INFO WorkRoomWebApplication - ************* Get The Application URL  *****************
2025-06-16 15:58:22,410 [main] INFO WorkRoomWebApplication - ************* Enter the Email *****************
2025-06-16 15:58:23,379 [main] INFO WorkRoomWebApplication - ************* Enter the Password *****************
2025-06-16 15:58:27,933 [main] INFO WorkRoomWebApplication - ************* Click on the Login Button *****************
2025-06-16 15:58:28,288 [main] INFO WorkRoomWebApplication - *** Moving to employee page ***
2025-06-16 15:58:34,607 [main] INFO WorkRoomWebApplication - *** Clicked Add Employee Button ***
2025-06-16 15:58:34,973 [main] INFO WorkRoomWebApplication - *** Filling up employee name ***
2025-06-16 15:58:35,624 [main] INFO WorkRoomWebApplication - *** Filling up employee email ***
2025-06-16 15:58:36,185 [main] INFO WorkRoomWebApplication - *** Filling up employee phonenumber ***
2025-06-16 15:58:36,562 [main] INFO WorkRoomWebApplication - *** Filling up employee Address ***
2025-06-16 15:58:37,158 [main] INFO WorkRoomWebApplication - *** Filling up employee City ***
2025-06-16 15:58:37,710 [main] INFO WorkRoomWebApplication - *** Selecting the Employee country ***
2025-06-16 15:58:41,508 [main] INFO WorkRoomWebApplication - *** Clicked show radio button ***
2025-06-16 15:58:41,804 [main] INFO WorkRoomWebApplication - *** Upload employee image ***
2025-06-16 15:58:41,985 [main] INFO WorkRoomWebApplication - *** Clicked on save button***
2025-06-16 15:58:50,470 [main] INFO WorkRoomWebApplication - *** Check for the Toast Message ***
2025-06-16 15:58:50,584 [main] INFO WorkRoomWebApplication - *** Verifying invitation email ***
2025-06-16 16:06:29,447 [main] INFO WorkRoomWebApplication - ************* Launching CHROME Browser *****************
2025-06-16 16:06:31,555 [main] INFO WorkRoomWebApplication - ************* Browser Launched and Maximized *****************
2025-06-16 16:06:33,087 [main] INFO WorkRoomWebApplication - ************* Get The Application URL  *****************
2025-06-16 16:06:36,450 [main] INFO WorkRoomWebApplication - ************* Enter the Email *****************
2025-06-16 16:06:36,898 [main] INFO WorkRoomWebApplication - ************* Enter the Password *****************
2025-06-16 16:06:41,227 [main] INFO WorkRoomWebApplication - ************* Click on the Login Button *****************
2025-06-16 16:06:41,584 [main] INFO WorkRoomWebApplication - *** Moving to employee page ***
2025-06-16 16:06:48,260 [main] INFO WorkRoomWebApplication - *** Clicked Add Employee Button ***
2025-06-16 16:06:48,617 [main] INFO WorkRoomWebApplication - *** Filling up employee name ***
2025-06-16 16:06:49,315 [main] INFO WorkRoomWebApplication - *** Filling up employee email ***
2025-06-16 16:06:50,040 [main] INFO WorkRoomWebApplication - *** Filling up employee phonenumber ***
2025-06-16 16:06:50,403 [main] INFO WorkRoomWebApplication - *** Filling up employee Address ***
2025-06-16 16:06:51,006 [main] INFO WorkRoomWebApplication - *** Filling up employee City ***
2025-06-16 16:06:51,283 [main] INFO WorkRoomWebApplication - *** Selecting the Employee country ***
2025-06-16 16:06:54,746 [main] INFO WorkRoomWebApplication - *** Clicked show radio button ***
2025-06-16 16:06:55,041 [main] INFO WorkRoomWebApplication - *** Upload employee image ***
2025-06-16 16:06:55,218 [main] INFO WorkRoomWebApplication - *** Clicked on save button***
2025-06-16 16:07:15,593 [main] INFO WorkRoomWebApplication - *** Check for the Toast Message ***
2025-06-16 16:07:15,706 [main] INFO WorkRoomWebApplication - *** Verifying invitation email ***
2025-06-16 16:20:29,111 [main] INFO WorkRoomWebApplication - ************* Launching CHROME Browser *****************
2025-06-16 16:20:30,881 [main] INFO WorkRoomWebApplication - ************* Browser Launched and Maximized *****************
2025-06-16 16:20:32,335 [main] INFO WorkRoomWebApplication - ************* Get The Application URL  *****************
2025-06-16 16:20:37,271 [main] INFO WorkRoomWebApplication - ************* Enter the Email *****************
2025-06-16 16:20:37,719 [main] INFO WorkRoomWebApplication - ************* Enter the Password *****************
2025-06-16 16:20:42,027 [main] INFO WorkRoomWebApplication - ************* Click on the Login Button *****************
2025-06-16 16:20:42,392 [main] INFO WorkRoomWebApplication - *** Moving to employee page ***
2025-06-16 16:20:54,456 [main] INFO WorkRoomWebApplication - *** Clicked Add Employee Button ***
2025-06-16 16:20:54,731 [main] INFO WorkRoomWebApplication - *** Filling up employee name ***
2025-06-16 16:20:55,231 [main] INFO WorkRoomWebApplication - *** Filling up employee email ***
2025-06-16 16:20:55,606 [main] INFO WorkRoomWebApplication - *** Filling up employee phonenumber ***
2025-06-16 16:20:55,919 [main] INFO WorkRoomWebApplication - *** Filling up employee Address ***
2025-06-16 16:20:56,339 [main] INFO WorkRoomWebApplication - *** Filling up employee City ***
2025-06-16 16:20:56,773 [main] INFO WorkRoomWebApplication - *** Selecting the Employee country ***
2025-06-16 16:21:00,289 [main] INFO WorkRoomWebApplication - *** Clicked show radio button ***
2025-06-16 16:21:00,608 [main] INFO WorkRoomWebApplication - *** Upload employee image ***
2025-06-16 16:21:00,821 [main] INFO WorkRoomWebApplication - *** Clicked on save button***
2025-06-16 16:21:20,987 [main] INFO WorkRoomWebApplication - *** Check for the Toast Message ***
2025-06-16 16:21:21,223 [main] INFO WorkRoomWebApplication - *** Verifying invitation email ***
2025-06-16 16:24:35,276 [main] INFO WorkRoomWebApplication - ************* Launching CHROME Browser *****************
2025-06-16 16:24:36,990 [main] INFO WorkRoomWebApplication - ************* Browser Launched and Maximized *****************
2025-06-16 16:24:38,411 [main] INFO WorkRoomWebApplication - ************* Get The Application URL  *****************
2025-06-16 16:24:43,912 [main] INFO WorkRoomWebApplication - ************* Enter the Email *****************
2025-06-16 16:24:44,778 [main] INFO WorkRoomWebApplication - ************* Enter the Password *****************
2025-06-16 16:24:49,322 [main] INFO WorkRoomWebApplication - ************* Click on the Login Button *****************
2025-06-16 16:24:49,678 [main] INFO WorkRoomWebApplication - *** Moving to employee page ***
2025-06-16 16:25:00,564 [main] INFO WorkRoomWebApplication - *** Clicked Add Employee Button ***
2025-06-16 16:25:00,849 [main] INFO WorkRoomWebApplication - *** Filling up employee name ***
2025-06-16 16:25:01,514 [main] INFO WorkRoomWebApplication - *** Filling up employee email ***
2025-06-16 16:25:02,039 [main] INFO WorkRoomWebApplication - *** Filling up employee phonenumber ***
2025-06-16 16:25:02,336 [main] INFO WorkRoomWebApplication - *** Filling up employee Address ***
2025-06-16 16:25:02,848 [main] INFO WorkRoomWebApplication - *** Filling up employee City ***
2025-06-16 16:25:03,311 [main] INFO WorkRoomWebApplication - *** Selecting the Employee country ***
2025-06-16 16:25:06,228 [main] INFO WorkRoomWebApplication - *** Clicked show radio button ***
2025-06-16 16:25:06,517 [main] INFO WorkRoomWebApplication - *** Upload employee image ***
2025-06-16 16:25:06,694 [main] INFO WorkRoomWebApplication - *** Clicked on save button***
2025-06-16 16:25:17,465 [main] INFO WorkRoomWebApplication - *** Check for the Toast Message ***
2025-06-16 16:25:17,578 [main] INFO WorkRoomWebApplication - *** Verifying invitation email ***
2025-06-16 16:32:58,018 [main] INFO WorkRoomWebApplication - ************* Launching CHROME Browser *****************
2025-06-16 16:32:59,920 [main] INFO WorkRoomWebApplication - ************* Browser Launched and Maximized *****************
2025-06-16 16:33:01,318 [main] INFO WorkRoomWebApplication - ************* Get The Application URL  *****************
2025-06-16 16:33:04,906 [main] INFO WorkRoomWebApplication - ************* Enter the Email *****************
2025-06-16 16:33:05,361 [main] INFO WorkRoomWebApplication - ************* Enter the Password *****************
2025-06-16 16:33:09,713 [main] INFO WorkRoomWebApplication - ************* Click on the Login Button *****************
2025-06-16 16:33:10,057 [main] INFO WorkRoomWebApplication - *** Moving to employee page ***
2025-06-16 16:33:16,948 [main] INFO WorkRoomWebApplication - *** Clicked Add Employee Button ***
2025-06-16 16:33:17,285 [main] INFO WorkRoomWebApplication - *** Filling up employee name ***
2025-06-16 16:33:17,959 [main] INFO WorkRoomWebApplication - *** Filling up employee email ***
2025-06-16 16:33:18,404 [main] INFO WorkRoomWebApplication - *** Filling up employee phonenumber ***
2025-06-16 16:33:18,667 [main] INFO WorkRoomWebApplication - *** Filling up employee Address ***
2025-06-16 16:33:19,122 [main] INFO WorkRoomWebApplication - *** Filling up employee City ***
2025-06-16 16:33:19,382 [main] INFO WorkRoomWebApplication - *** Selecting the Employee country ***
2025-06-16 16:33:22,967 [main] INFO WorkRoomWebApplication - *** Clicked show radio button ***
2025-06-16 16:33:23,255 [main] INFO WorkRoomWebApplication - *** Upload employee image ***
2025-06-16 16:33:23,435 [main] INFO WorkRoomWebApplication - *** Clicked on save button***
2025-06-16 16:33:44,122 [main] INFO WorkRoomWebApplication - *** Check for the Toast Message ***
2025-06-16 16:33:44,256 [main] INFO WorkRoomWebApplication - *** Verifying invitation email ***
2025-06-16 16:47:35,109 [main] INFO WorkRoomWebApplication - ************* Launching CHROME Browser *****************
2025-06-16 16:47:37,043 [main] INFO WorkRoomWebApplication - ************* Browser Launched and Maximized *****************
2025-06-16 16:47:38,641 [main] INFO WorkRoomWebApplication - ************* Get The Application URL  *****************
2025-06-16 16:47:42,802 [main] INFO WorkRoomWebApplication - ************* Enter the Email *****************
2025-06-16 16:47:43,704 [main] INFO WorkRoomWebApplication - ************* Enter the Password *****************
2025-06-16 16:47:48,236 [main] INFO WorkRoomWebApplication - ************* Click on the Login Button *****************
2025-06-16 16:47:48,648 [main] INFO WorkRoomWebApplication - *** Moving to employee page ***
2025-06-16 16:47:55,149 [main] INFO WorkRoomWebApplication - *** Clicked Add Employee Button ***
2025-06-16 16:47:55,507 [main] INFO WorkRoomWebApplication - *** Filling up employee name ***
2025-06-16 16:47:55,972 [main] INFO WorkRoomWebApplication - *** Filling up employee email ***
2025-06-16 16:47:56,344 [main] INFO WorkRoomWebApplication - *** Filling up employee phonenumber ***
2025-06-16 16:47:56,876 [main] INFO WorkRoomWebApplication - *** Filling up employee Address ***
2025-06-16 16:47:57,488 [main] INFO WorkRoomWebApplication - *** Filling up employee City ***
2025-06-16 16:47:58,031 [main] INFO WorkRoomWebApplication - *** Selecting the Employee country ***
2025-06-16 16:49:17,331 [main] INFO WorkRoomWebApplication - ************* Launching CHROME Browser *****************
2025-06-16 16:49:19,389 [main] INFO WorkRoomWebApplication - ************* Browser Launched and Maximized *****************
2025-06-16 16:49:21,013 [main] INFO WorkRoomWebApplication - ************* Get The Application URL  *****************
2025-06-16 16:49:24,505 [main] INFO WorkRoomWebApplication - ************* Enter the Email *****************
2025-06-16 16:49:25,125 [main] INFO WorkRoomWebApplication - ************* Enter the Password *****************
2025-06-16 16:49:29,673 [main] INFO WorkRoomWebApplication - ************* Click on the Login Button *****************
2025-06-16 16:49:30,061 [main] INFO WorkRoomWebApplication - *** Moving to employee page ***
2025-06-16 16:49:38,135 [main] INFO WorkRoomWebApplication - *** Clicked Add Employee Button ***
2025-06-16 16:49:38,419 [main] INFO WorkRoomWebApplication - *** Filling up employee name ***
2025-06-16 16:49:39,019 [main] INFO WorkRoomWebApplication - *** Filling up employee email ***
2025-06-16 16:49:39,561 [main] INFO WorkRoomWebApplication - *** Filling up employee phonenumber ***
2025-06-16 16:49:39,836 [main] INFO WorkRoomWebApplication - *** Filling up employee Address ***
2025-06-16 16:49:40,324 [main] INFO WorkRoomWebApplication - *** Filling up employee City ***
2025-06-16 16:49:40,749 [main] INFO WorkRoomWebApplication - *** Selecting the Employee country ***
2025-06-16 16:49:44,365 [main] INFO WorkRoomWebApplication - *** Clicked show radio button ***
2025-06-16 16:49:44,654 [main] INFO WorkRoomWebApplication - *** Upload employee image ***
2025-06-16 16:49:44,821 [main] INFO WorkRoomWebApplication - *** Clicked on save button***
2025-06-16 16:50:05,203 [main] INFO WorkRoomWebApplication - *** Check for the Toast Message ***
2025-06-16 16:50:05,303 [main] INFO WorkRoomWebApplication - *** Verifying invitation email ***
2025-06-16 16:57:02,323 [main] INFO WorkRoomWebApplication - ************* Launching CHROME Browser *****************
2025-06-16 16:57:04,216 [main] INFO WorkRoomWebApplication - ************* Browser Launched and Maximized *****************
2025-06-16 16:57:05,632 [main] INFO WorkRoomWebApplication - ************* Get The Application URL  *****************
2025-06-16 16:57:09,191 [main] INFO WorkRoomWebApplication - ************* Enter the Email *****************
2025-06-16 16:57:10,043 [main] INFO WorkRoomWebApplication - ************* Enter the Password *****************
2025-06-16 16:57:14,609 [main] INFO WorkRoomWebApplication - ************* Click on the Login Button *****************
2025-06-16 16:57:14,988 [main] INFO WorkRoomWebApplication - *** Moving to employee page ***
2025-06-16 16:57:21,876 [main] INFO WorkRoomWebApplication - *** Clicked Add Employee Button ***
2025-06-16 16:57:22,307 [main] INFO WorkRoomWebApplication - *** Filling up employee name ***
2025-06-16 16:57:22,980 [main] INFO WorkRoomWebApplication - *** Filling up employee email ***
2025-06-16 16:57:23,568 [main] INFO WorkRoomWebApplication - *** Filling up employee phonenumber ***
2025-06-16 16:57:23,938 [main] INFO WorkRoomWebApplication - *** Filling up employee Address ***
2025-06-16 16:57:24,536 [main] INFO WorkRoomWebApplication - *** Filling up employee City ***
2025-06-16 16:57:25,087 [main] INFO WorkRoomWebApplication - *** Selecting the Employee country ***
2025-06-16 16:57:29,045 [main] INFO WorkRoomWebApplication - *** Clicked show radio button ***
2025-06-16 16:57:29,342 [main] INFO WorkRoomWebApplication - *** Upload employee image ***
2025-06-16 16:57:29,512 [main] INFO WorkRoomWebApplication - *** Clicked on save button***
2025-06-16 16:57:37,721 [main] INFO WorkRoomWebApplication - *** Check for the Toast Message ***
2025-06-16 16:57:37,841 [main] INFO WorkRoomWebApplication - *** Verifying invitation email ***
2025-06-16 17:20:11,392 [main] INFO WorkRoomWebApplication - ************* Launching CHROME Browser *****************
2025-06-16 17:20:13,287 [main] INFO WorkRoomWebApplication - ************* Browser Launched and Maximized *****************
2025-06-16 17:20:14,883 [main] INFO WorkRoomWebApplication - ************* Get The Application URL  *****************
2025-06-16 17:20:18,815 [main] INFO WorkRoomWebApplication - ************* Enter the Email *****************
2025-06-16 17:20:19,673 [main] INFO WorkRoomWebApplication - ************* Enter the Password *****************
2025-06-16 17:20:24,242 [main] INFO WorkRoomWebApplication - ************* Click on the Login Button *****************
2025-06-16 17:20:24,611 [main] INFO WorkRoomWebApplication - *** Moving to employee page ***
2025-06-16 17:20:31,134 [main] INFO WorkRoomWebApplication - *** Clicked Add Employee Button ***
2025-06-16 17:20:31,418 [main] INFO WorkRoomWebApplication - *** Filling up employee name ***
2025-06-16 17:20:31,974 [main] INFO WorkRoomWebApplication - *** Filling up employee email ***
2025-06-16 17:20:32,434 [main] INFO WorkRoomWebApplication - *** Filling up employee phonenumber ***
2025-06-16 17:20:32,701 [main] INFO WorkRoomWebApplication - *** Filling up employee Address ***
2025-06-16 17:20:33,064 [main] INFO WorkRoomWebApplication - *** Filling up employee City ***
2025-06-16 17:20:33,315 [main] INFO WorkRoomWebApplication - *** Selecting the Employee country ***
2025-06-16 17:20:36,459 [main] INFO WorkRoomWebApplication - *** Clicked show radio button ***
2025-06-16 17:20:36,758 [main] INFO WorkRoomWebApplication - *** Upload employee image ***
2025-06-16 17:20:36,957 [main] INFO WorkRoomWebApplication - *** Clicked on save button***
2025-06-16 17:20:45,770 [main] INFO WorkRoomWebApplication - *** Check for the Toast Message ***
2025-06-16 17:20:45,876 [main] INFO WorkRoomWebApplication - *** Verifying invitation email ***
2025-06-16 17:23:01,042 [main] INFO WorkRoomWebApplication - ************* Launching CHROME Browser *****************
2025-06-16 17:23:02,782 [main] INFO WorkRoomWebApplication - ************* Browser Launched and Maximized *****************
2025-06-16 17:23:04,269 [main] INFO WorkRoomWebApplication - ************* Get The Application URL  *****************
2025-06-16 17:23:07,558 [main] INFO WorkRoomWebApplication - ************* Enter the Email *****************
2025-06-16 17:23:08,074 [main] INFO WorkRoomWebApplication - ************* Enter the Password *****************
2025-06-16 17:23:12,593 [main] INFO WorkRoomWebApplication - ************* Click on the Login Button *****************
2025-06-16 17:23:12,947 [main] INFO WorkRoomWebApplication - *** Moving to employee page ***
2025-06-16 17:23:19,637 [main] INFO WorkRoomWebApplication - *** Clicked Add Employee Button ***
2025-06-16 17:23:20,071 [main] INFO WorkRoomWebApplication - *** Filling up employee name ***
2025-06-16 17:23:20,751 [main] INFO WorkRoomWebApplication - *** Filling up employee email ***
2025-06-16 17:23:21,318 [main] INFO WorkRoomWebApplication - *** Filling up employee phonenumber ***
2025-06-16 17:23:21,589 [main] INFO WorkRoomWebApplication - *** Filling up employee Address ***
2025-06-16 17:23:22,028 [main] INFO WorkRoomWebApplication - *** Filling up employee City ***
2025-06-16 17:23:22,473 [main] INFO WorkRoomWebApplication - *** Selecting the Employee country ***
2025-06-16 17:23:26,196 [main] INFO WorkRoomWebApplication - *** Clicked show radio button ***
2025-06-16 17:23:26,499 [main] INFO WorkRoomWebApplication - *** Upload employee image ***
2025-06-16 17:23:26,673 [main] INFO WorkRoomWebApplication - *** Clicked on save button***
2025-06-16 17:23:37,846 [main] INFO WorkRoomWebApplication - *** Check for the Toast Message ***
2025-06-16 17:23:38,064 [main] INFO WorkRoomWebApplication - *** Verifying invitation email ***
2025-06-16 17:28:24,568 [main] INFO WorkRoomWebApplication - ************* Launching CHROME Browser *****************
2025-06-16 17:28:26,378 [main] INFO WorkRoomWebApplication - ************* Browser Launched and Maximized *****************
2025-06-16 17:28:27,861 [main] INFO WorkRoomWebApplication - ************* Get The Application URL  *****************
2025-06-16 17:28:31,619 [main] INFO WorkRoomWebApplication - ************* Enter the Email *****************
2025-06-16 17:28:32,216 [main] INFO WorkRoomWebApplication - ************* Enter the Password *****************
2025-06-16 17:28:36,768 [main] INFO WorkRoomWebApplication - ************* Click on the Login Button *****************
2025-06-16 17:28:37,132 [main] INFO WorkRoomWebApplication - *** Moving to employee page ***
2025-06-16 17:28:43,839 [main] INFO WorkRoomWebApplication - *** Clicked Add Employee Button ***
2025-06-16 17:28:44,115 [main] INFO WorkRoomWebApplication - *** Filling up employee name ***
2025-06-16 17:28:44,667 [main] INFO WorkRoomWebApplication - *** Filling up employee email ***
2025-06-16 17:28:45,129 [main] INFO WorkRoomWebApplication - *** Filling up employee phonenumber ***
2025-06-16 17:28:45,600 [main] INFO WorkRoomWebApplication - *** Filling up employee Address ***
2025-06-16 17:28:46,179 [main] INFO WorkRoomWebApplication - *** Filling up employee City ***
2025-06-16 17:28:46,490 [main] INFO WorkRoomWebApplication - *** Selecting the Employee country ***
2025-06-16 17:28:49,442 [main] INFO WorkRoomWebApplication - *** Clicked show radio button ***
2025-06-16 17:28:49,734 [main] INFO WorkRoomWebApplication - *** Upload employee image ***
2025-06-16 17:28:49,908 [main] INFO WorkRoomWebApplication - *** Clicked on save button***
2025-06-16 17:29:00,430 [main] INFO WorkRoomWebApplication - *** Check for the Toast Message ***
2025-06-16 17:29:00,543 [main] INFO WorkRoomWebApplication - *** Verifying invitation email ***
2025-06-16 18:02:05,304 [main] INFO WorkRoomWebApplication - ************* Launching CHROME Browser *****************
2025-06-16 18:02:06,385 [main] INFO WorkRoomWebApplication - ************* Browser Launched and Maximized *****************
2025-06-16 18:02:07,357 [main] INFO WorkRoomWebApplication - ************* Get The Application URL  *****************
2025-06-16 18:02:10,929 [main] INFO WorkRoomWebApplication - ************* Enter the Email *****************
2025-06-16 18:02:11,154 [main] INFO WorkRoomWebApplication - ************* Enter the Password *****************
2025-06-16 18:02:15,311 [main] INFO WorkRoomWebApplication - ************* Click on the Login Button *****************
2025-06-16 18:02:15,464 [main] INFO WorkRoomWebApplication - *** Moving to employee page ***
2025-06-16 18:02:21,727 [main] INFO WorkRoomWebApplication - *** Clicked Add Employee Button ***
2025-06-16 18:02:22,041 [main] INFO WorkRoomWebApplication - *** Filling up employee name ***
2025-06-16 18:02:22,269 [main] INFO WorkRoomWebApplication - *** Filling up employee email ***
2025-06-16 18:02:22,477 [main] INFO WorkRoomWebApplication - *** Filling up employee phonenumber ***
2025-06-16 18:02:22,635 [main] INFO WorkRoomWebApplication - *** Filling up employee Address ***
2025-06-16 18:02:22,797 [main] INFO WorkRoomWebApplication - *** Filling up employee City ***
2025-06-16 18:02:22,946 [main] INFO WorkRoomWebApplication - *** Selecting the Employee country ***
2025-06-16 18:02:24,171 [main] INFO WorkRoomWebApplication - *** Clicked show radio button ***
2025-06-16 18:02:24,259 [main] INFO WorkRoomWebApplication - *** Upload employee image ***
2025-06-16 18:02:24,308 [main] INFO WorkRoomWebApplication - *** Clicked on save button***
2025-06-16 18:02:34,387 [main] INFO WorkRoomWebApplication - *** Check for the Toast Message ***
2025-06-16 18:02:34,472 [main] INFO WorkRoomWebApplication - *** Verifying invitation email ***
2025-06-16 18:02:49,730 [main] INFO WorkRoomWebApplication - *** Switched to update password ***
2025-06-17 15:19:31,711 [main] INFO WorkRoomWebApplication - ************* Launching CHROME Browser *****************
2025-06-17 15:26:31,117 [main] INFO WorkRoomWebApplication - ************* Launching EDGE Browser *****************
2025-06-17 20:55:58,967 [main] INFO WorkRoomWebApplication - ************* Launching EDGE Browser *****************
2025-06-17 20:56:00,645 [main] INFO WorkRoomWebApplication - ************* Browser Launched and Maximized *****************
2025-06-17 20:56:01,907 [main] INFO WorkRoomWebApplication - ************* Get The Application URL  *****************
2025-06-17 20:56:06,760 [main] INFO WorkRoomWebApplication - ************* Enter the Email *****************
2025-06-17 20:56:07,234 [main] INFO WorkRoomWebApplication - ************* Enter the Password *****************
2025-06-17 20:56:11,594 [main] INFO WorkRoomWebApplication - ************* Click on the Login Button *****************
2025-06-17 20:56:11,809 [main] INFO WorkRoomWebApplication - *** Moving to employee page ***
2025-06-25 09:31:54,624 [main] INFO WorkRoomWebApplication - ************* Launching EDGE Browser *****************
2025-06-25 09:31:57,263 [main] INFO WorkRoomWebApplication - ************* Browser Launched and Maximized *****************
2025-06-25 09:31:58,881 [main] INFO WorkRoomWebApplication - ************* Get The Application URL  *****************
2025-06-25 09:31:59,329 [main] INFO WorkRoomWebApplication - ************* Enter the Email *****************
