[19971:19971:0327/101945.588852:WARNING:activity_log_policy.cc(68)] Scheduling init
[19971:19971:0327/101945.588951:WARNING:activity_log_policy.cc(68)] Scheduling init
[20020:20020:0327/101945.663377:WARNING:sandbox_linux.cc(420)] InitializeSandbox() called with multiple threads in process gpu-process.
[20020:20020:0327/101945.664177:WARNING:viz_main_impl.cc(85)] VizNullHypothesis is disabled (not a warning)
[19971:19971:0327/101948.813123:INFO:CONSOLE(2)] "PSL: Preferences API does not have background_setting_preferences. [object Object] Thu Mar 27 2025 10:19:48 GMT+0530 (India Standard Time)", source: https://assets.msn.com/bundles/v1/edgeChromium/latest/vendors.08ddc3af8246ad2193cd.js (2)
[19971:19971:0327/101948.912492:INFO:CONSOLE(310)] "-ms-high-contrast is in the process of being deprecated. Please see https://blogs.windows.com/msedgedev/2024/04/29/deprecating-ms-high-contrast/ for tips on updating to the new Forced Colors Mode standard.", source: https://assets.msn.com/bundles/v1/edgeChromium/latest/microsoft.50229b34d72ee6ba350f.js (310)
[19971:19971:0327/101949.743458:INFO:CONSOLE(40)] "Thu Mar 27 2025 10:19:49 GMT+0530 (India Standard Time): 1743050989742 {"id":91005,"severity":0,"pb":{"build":"20250326.481","appType":"edgeChromium","pcsVersion":"20250325.1_master","pcsEnv":"prod","buildAlias":"latest","shouldSupressWarnings":false,"shouldSampleErrorsForTreatement1":false,"shouldSampleErrorsForTreatement2":false,"networkStatus":"connected","pcsMuid":"notfound","oneServiceMuid":"03562416a0ec6a882dbe31aaa11b6b79","pcsFlightBlobVersion":"53518690","oneServiceFlightBlobVersion":"53518690","oneServiceDebugId":"a6e20a13-03e8-4474-aaa3-7a44b1c4644f|2025-03-27T04:49:49.5242053Z|fabric_msn|KOC-A|News_1153","w":1},"message":"Muid mismatch between PCS and 1S"}", source: https://assets.msn.com/bundles/v1/edgeChromium/latest/common.43c1e2f2eab2d371984d.js (40)
[20037:20065:0327/101950.112815:WARNING:spdy_session.cc(3001)] Received HEADERS for invalid stream 1
[19971:19993:0327/101950.115070:ERROR:cert_issuer_source_aia.cc(136)] AiaRequest::OnFetchCompleted got error -105
[19971:19971:0327/101950.266019:INFO:CONSOLE(0)] "-ms-high-contrast is in the process of being deprecated. Please see https://blogs.windows.com/msedgedev/2024/04/29/deprecating-ms-high-contrast/ for tips on updating to the new Forced Colors Mode standard.", source: https://dev-app.chataak.in/login/ (0)
[19971:19971:0327/101950.266322:INFO:CONSOLE(0)] "-ms-high-contrast is in the process of being deprecated. Please see https://blogs.windows.com/msedgedev/2024/04/29/deprecating-ms-high-contrast/ for tips on updating to the new Forced Colors Mode standard.", source: https://dev-app.chataak.in/login/ (0)
[20037:20065:0327/101950.484842:ERROR:ssl_client_socket_impl.cc(891)] handshake failed; returned -1, SSL error code 1, net_error -101
[19971:19993:0327/101950.599389:ERROR:cert_issuer_source_aia.cc(136)] AiaRequest::OnFetchCompleted got error -105
[20037:20065:0327/101950.608628:ERROR:ssl_client_socket_impl.cc(891)] handshake failed; returned -1, SSL error code 1, net_error -201
[20037:20065:0327/101950.828900:ERROR:ssl_client_socket_impl.cc(891)] handshake failed; returned -1, SSL error code 1, net_error -101
[19971:19993:0327/102045.762748:INFO:oneauth_config.cc(168)] EventName: TransactionMicrosoftEdgeLinux
[19971:19993:0327/102045.763073:INFO:oneauth_config.cc(169)] SessionId: 2f3c563a-6840-4cf5-a4a0-e85d56b62746
[19971:19993:0327/102045.763139:INFO:oneauth_config.cc(170)] RecommendedTelemetryRegion: GLOBAL
[19971:19993:0327/102045.763181:INFO:oneauth_config.cc(172)] IsInstrumentationError: 0
[19971:19993:0327/102045.763227:INFO:oneauth_config.cc(182)] String type data key: oneauth_version, value: 5.0.0
[19971:19993:0327/102045.763267:INFO:oneauth_config.cc(182)] String type data key: eventtype, value: authentication
[19971:19993:0327/102045.763309:INFO:oneauth_config.cc(182)] String type data key: sessionid, value: 2f3c563a-6840-4cf5-a4a0-e85d56b62746
[19971:19993:0327/102045.763343:INFO:oneauth_config.cc(182)] String type data key: SamplingRate, value: 0.25
[19971:19993:0327/102045.763394:INFO:oneauth_config.cc(182)] String type data key: appname, value: MicrosoftEdge
[19971:19993:0327/102045.763414:INFO:oneauth_config.cc(182)] String type data key: deviceprofiletelemetryid, value: 38403f272092c4e7545d34a4c024e4e52f5e3b1b4154d529c82de73726927e6d
[19971:19993:0327/102045.763442:INFO:oneauth_config.cc(182)] String type data key: oneauth_ActiveFlights, value: {"1005":1,"1012":1,"1013":1,"1018":1,"1040":1}
[19971:19993:0327/102045.763475:INFO:oneauth_config.cc(182)] String type data key: oneauth_AppId, value: com.microsoft.Edge
[19971:19993:0327/102045.763533:INFO:oneauth_config.cc(182)] String type data key: oneauth_AadAccountCount, value: 0
[19971:19993:0327/102045.763580:INFO:oneauth_config.cc(182)] String type data key: oneauth_MsaAccountCount, value: 0
[19971:19993:0327/102045.763613:INFO:oneauth_config.cc(182)] String type data key: correlationid, value: d0f7f6b5-5f1c-469a-9565-9d0722fc6cb6
[19971:19993:0327/102045.763645:INFO:oneauth_config.cc(182)] String type data key: authoutcome, value: succeeded
[19971:19993:0327/102045.763676:INFO:oneauth_config.cc(182)] String type data key: appaudience, value: production
[19971:19993:0327/102045.763705:INFO:oneauth_config.cc(182)] String type data key: oneauth_GenericAccountCount, value: 0
[19971:19993:0327/102045.763734:INFO:oneauth_config.cc(182)] String type data key: uploadid, value: 5a2c095e-cf9d-4f30-8ca3-d9152a9c12d0
[19971:19993:0327/102045.763764:INFO:oneauth_config.cc(182)] String type data key: actiontype, value: oneauthtransaction
[19971:19993:0327/102045.763798:INFO:oneauth_config.cc(182)] String type data key: oneauth_ExecutionFlow, value: {"de":0,"ef":[{"t":"8mqsd","tid":1,"ts":0,"l":2}],"t":[{"a":0,"t":2}]}
[19971:19993:0327/102045.763826:INFO:oneauth_config.cc(182)] String type data key: appver, value: 134.0.3124.85
[19971:19993:0327/102045.763856:INFO:oneauth_config.cc(182)] String type data key: oneauth_api, value: Startup
[19971:19993:0327/102045.763887:INFO:oneauth_config.cc(191)] Integer type data key: platform, value: 5
[19971:19993:0327/102045.763918:INFO:oneauth_config.cc(191)] Integer type data key: count, value: 1
[19971:19993:0327/102045.763949:INFO:oneauth_config.cc(200)] Integer64 type data key: duration_min, value: 2
[19971:19993:0327/102045.763981:INFO:oneauth_config.cc(200)] Integer64 type data key: duration_max, value: 2
[19971:19993:0327/102045.764012:INFO:oneauth_config.cc(200)] Integer64 type data key: endtime, value: 1743050985569
[19971:19993:0327/102045.764044:INFO:oneauth_config.cc(200)] Integer64 type data key: duration_sum, value: 2
[19971:19993:0327/102045.764075:INFO:oneauth_config.cc(200)] Integer64 type data key: starttime, value: 1743050985567
[19971:19993:0327/102045.764106:INFO:oneauth_config.cc(209)] Bool type data key: FullDataClient, value: 1
[19971:19993:0327/102045.764141:INFO:oneauth_config.cc(209)] Bool type data key: issilent, value: 1
[20380:1:0327/102045.786669:INFO:extractor_impl.cc(983)] ExtractorImpl::SetIsPendingEEConfig : 1
[19971:19971:0327/102158.242181:INFO:CONSOLE(0)] "[DOM] Input elements should have autocomplete attributes (suggested: "username"): (More info: https://www.chromium.org/developers/design-documents/create-amazing-password-forms) %o", source: https://dev-app.chataak.in/login/ (0)
[19971:19971:0327/102158.316137:INFO:CONSOLE(148)] "🚀 ~ useEffect ~ accessibleRoutes.includes(pathName: false", source: https://dev-app.chataak.in/_next/static/chunks/pages/_app-5a4636e4b068f0ab.js (148)
[19971:19971:0327/102158.316760:INFO:CONSOLE(148)] "Current URL: /login/", source: https://dev-app.chataak.in/_next/static/chunks/pages/_app-5a4636e4b068f0ab.js (148)
[19971:19971:0327/102206.382236:INFO:CONSOLE(148)] "Current URL: /", source: https://dev-app.chataak.in/_next/static/chunks/pages/_app-5a4636e4b068f0ab.js (148)
[19971:19971:0327/102212.200066:INFO:CONSOLE(1)] "Error: Route did not complete loading: /dashboards/manufacturer", source: https://dev-app.chataak.in/_next/static/chunks/main-f6e8ee1eab26013e.js (1)
[19971:19971:0327/102213.515370:INFO:CONSOLE(1)] "-ms-high-contrast is in the process of being deprecated. Please see https://blogs.windows.com/msedgedev/2024/04/29/deprecating-ms-high-contrast/ for tips on updating to the new Forced Colors Mode standard.", source: https://dev-app.chataak.in/dashboards/manufacturer/ (1)
[19971:19971:0327/102213.515546:INFO:CONSOLE(1)] "-ms-high-contrast is in the process of being deprecated. Please see https://blogs.windows.com/msedgedev/2024/04/29/deprecating-ms-high-contrast/ for tips on updating to the new Forced Colors Mode standard.", source: https://dev-app.chataak.in/dashboards/manufacturer/ (1)
[19971:19971:0327/102214.772746:INFO:CONSOLE(148)] "Drawer Visibility: false", source: https://dev-app.chataak.in/_next/static/chunks/pages/_app-5a4636e4b068f0ab.js (148)
[19971:19971:0327/102214.772833:INFO:CONSOLE(148)] "Is Mobile: false", source: https://dev-app.chataak.in/_next/static/chunks/pages/_app-5a4636e4b068f0ab.js (148)
[19971:19971:0327/102214.784653:INFO:CONSOLE(148)] "[object Object] fff", source: https://dev-app.chataak.in/_next/static/chunks/pages/_app-5a4636e4b068f0ab.js (148)
[19971:19971:0327/102214.784781:INFO:CONSOLE(148)] "[object Object] theme", source: https://dev-app.chataak.in/_next/static/chunks/pages/_app-5a4636e4b068f0ab.js (148)
[19971:19971:0327/102214.814832:INFO:CONSOLE(1)] "undefined fdfd", source: https://dev-app.chataak.in/_next/static/chunks/pages/dashboards/manufacturer-238989bed68c9927.js (1)
[19971:19971:0327/102214.823996:INFO:CONSOLE(1)] "undefined eee", source: https://dev-app.chataak.in/_next/static/chunks/pages/dashboards/manufacturer-238989bed68c9927.js (1)
[19971:19971:0327/102214.848814:INFO:CONSOLE(148)] "Error: ReferenceError: axios is not defined", source: https://dev-app.chataak.in/_next/static/chunks/pages/_app-5a4636e4b068f0ab.js (148)
[19971:19971:0327/102214.858974:INFO:CONSOLE(148)] "🚀 ~ useEffect ~ accessibleRoutes.includes(pathName: false", source: https://dev-app.chataak.in/_next/static/chunks/pages/_app-5a4636e4b068f0ab.js (148)
[19971:19971:0327/102214.859229:INFO:CONSOLE(148)] "Current URL: /dashboards/manufacturer/", source: https://dev-app.chataak.in/_next/static/chunks/pages/_app-5a4636e4b068f0ab.js (148)
[19971:19971:0327/102214.859300:INFO:CONSOLE(148)] "URL contains: manufacturer", source: https://dev-app.chataak.in/_next/static/chunks/pages/_app-5a4636e4b068f0ab.js (148)
[19971:19971:0327/102214.905000:INFO:CONSOLE(148)] "Drawer Visibility: false", source: https://dev-app.chataak.in/_next/static/chunks/pages/_app-5a4636e4b068f0ab.js (148)
[19971:19971:0327/102214.905230:INFO:CONSOLE(148)] "Is Mobile: false", source: https://dev-app.chataak.in/_next/static/chunks/pages/_app-5a4636e4b068f0ab.js (148)
[19971:19971:0327/102214.912180:INFO:CONSOLE(148)] "[object Object] fff", source: https://dev-app.chataak.in/_next/static/chunks/pages/_app-5a4636e4b068f0ab.js (148)
[19971:19971:0327/102214.912401:INFO:CONSOLE(148)] "[object Object] theme", source: https://dev-app.chataak.in/_next/static/chunks/pages/_app-5a4636e4b068f0ab.js (148)
[19971:19971:0327/102214.936177:INFO:CONSOLE(1)] "undefined fdfd", source: https://dev-app.chataak.in/_next/static/chunks/pages/dashboards/manufacturer-238989bed68c9927.js (1)
[19971:19971:0327/102214.941898:INFO:CONSOLE(1)] "undefined eee", source: https://dev-app.chataak.in/_next/static/chunks/pages/dashboards/manufacturer-238989bed68c9927.js (1)
[19971:19971:0327/102214.980940:INFO:CONSOLE(148)] "Drawer Visibility: false", source: https://dev-app.chataak.in/_next/static/chunks/pages/_app-5a4636e4b068f0ab.js (148)
[19971:19971:0327/102214.981811:INFO:CONSOLE(148)] "Is Mobile: false", source: https://dev-app.chataak.in/_next/static/chunks/pages/_app-5a4636e4b068f0ab.js (148)
[19971:19971:0327/102214.987180:INFO:CONSOLE(148)] "[object Object] fff", source: https://dev-app.chataak.in/_next/static/chunks/pages/_app-5a4636e4b068f0ab.js (148)
[19971:19971:0327/102214.987385:INFO:CONSOLE(148)] "[object Object] theme", source: https://dev-app.chataak.in/_next/static/chunks/pages/_app-5a4636e4b068f0ab.js (148)
[19971:19971:0327/102215.004614:INFO:CONSOLE(1)] "undefined fdfd", source: https://dev-app.chataak.in/_next/static/chunks/pages/dashboards/manufacturer-238989bed68c9927.js (1)
[19971:19971:0327/102215.009658:INFO:CONSOLE(1)] "undefined eee", source: https://dev-app.chataak.in/_next/static/chunks/pages/dashboards/manufacturer-238989bed68c9927.js (1)
[19971:19971:0327/102216.169876:INFO:CONSOLE(1)] "undefined fdfd", source: https://dev-app.chataak.in/_next/static/chunks/pages/dashboards/manufacturer-238989bed68c9927.js (1)
[19971:19971:0327/102216.174944:INFO:CONSOLE(1)] "undefined eee", source: https://dev-app.chataak.in/_next/static/chunks/pages/dashboards/manufacturer-238989bed68c9927.js (1)
[19971:19971:0327/102217.120320:INFO:CONSOLE(1)] "undefined fdfd", source: https://dev-app.chataak.in/_next/static/chunks/pages/dashboards/manufacturer-238989bed68c9927.js (1)
[19971:19971:0327/102217.149057:INFO:CONSOLE(1)] "undefined eee", source: https://dev-app.chataak.in/_next/static/chunks/pages/dashboards/manufacturer-238989bed68c9927.js (1)
[19971:19971:0327/102217.211520:INFO:CONSOLE(148)] "Drawer Visibility: false", source: https://dev-app.chataak.in/_next/static/chunks/pages/_app-5a4636e4b068f0ab.js (148)
[19971:19971:0327/102217.215304:INFO:CONSOLE(148)] "Is Mobile: false", source: https://dev-app.chataak.in/_next/static/chunks/pages/_app-5a4636e4b068f0ab.js (148)
[19971:19971:0327/102217.227540:INFO:CONSOLE(148)] "[object Object] fff", source: https://dev-app.chataak.in/_next/static/chunks/pages/_app-5a4636e4b068f0ab.js (148)
[19971:19971:0327/102217.227711:INFO:CONSOLE(148)] "[object Object] theme", source: https://dev-app.chataak.in/_next/static/chunks/pages/_app-5a4636e4b068f0ab.js (148)
[19971:19971:0327/102217.280551:INFO:CONSOLE(148)] "Drawer Visibility: false", source: https://dev-app.chataak.in/_next/static/chunks/pages/_app-5a4636e4b068f0ab.js (148)
[19971:19971:0327/102217.280726:INFO:CONSOLE(148)] "Is Mobile: false", source: https://dev-app.chataak.in/_next/static/chunks/pages/_app-5a4636e4b068f0ab.js (148)
[19971:19971:0327/102218.060654:INFO:CONSOLE(148)] "Error: [object Object]", source: https://dev-app.chataak.in/_next/static/chunks/pages/_app-5a4636e4b068f0ab.js (148)
[19971:19971:0327/102218.298379:INFO:CONSOLE(1)] "[object Object],[object Object] fdfd", source: https://dev-app.chataak.in/_next/static/chunks/pages/dashboards/manufacturer-238989bed68c9927.js (1)
[19971:19971:0327/102218.311780:INFO:CONSOLE(1)] "[object Object],[object Object],[object Object] eee", source: https://dev-app.chataak.in/_next/static/chunks/pages/dashboards/manufacturer-238989bed68c9927.js (1)
[19971:19971:0327/102218.435333:INFO:CONSOLE(0)] "Tracking Prevention blocked access to storage for https://i.pinimg.com/736x/5f/79/a6/5f79a6defe837d721dd2e3b2dba041e1.jpg.", source: https://dev-app.chataak.in/dashboards/manufacturer/ (0)
[19971:19971:0327/102218.435463:INFO:CONSOLE(0)] "Tracking Prevention blocked access to storage for https://i.pinimg.com/736x/5f/79/a6/5f79a6defe837d721dd2e3b2dba041e1.jpg.", source: https://dev-app.chataak.in/dashboards/manufacturer/ (0)
[19971:19971:0327/102218.435534:INFO:CONSOLE(0)] "Tracking Prevention blocked access to storage for https://i.pinimg.com/736x/5f/79/a6/5f79a6defe837d721dd2e3b2dba041e1.jpg.", source: https://dev-app.chataak.in/dashboards/manufacturer/ (0)
[19971:19971:0327/102218.435585:INFO:CONSOLE(0)] "Tracking Prevention blocked access to storage for https://i.pinimg.com/736x/5f/79/a6/5f79a6defe837d721dd2e3b2dba041e1.jpg.", source: https://dev-app.chataak.in/dashboards/manufacturer/ (0)
[19971:19971:0327/102218.435641:INFO:CONSOLE(0)] "Tracking Prevention blocked access to storage for https://i.pinimg.com/736x/5f/79/a6/5f79a6defe837d721dd2e3b2dba041e1.jpg.", source: https://dev-app.chataak.in/dashboards/manufacturer/ (0)
[19971:19971:0327/102218.435702:INFO:CONSOLE(0)] "Tracking Prevention blocked access to storage for https://i.pinimg.com/736x/5f/79/a6/5f79a6defe837d721dd2e3b2dba041e1.jpg.", source: https://dev-app.chataak.in/dashboards/manufacturer/ (0)
[19971:19971:0327/102218.437965:INFO:CONSOLE(0)] "Tracking Prevention blocked access to storage for https://fonts.gstatic.com/s/rubik/v28/iJWKBXyIfDnIV7nPrXyi0A.woff2.", source: https://dev-app.chataak.in/dashboards/manufacturer/ (0)
[19971:19971:0327/102218.438198:INFO:CONSOLE(0)] "Tracking Prevention blocked access to storage for https://fonts.gstatic.com/s/rubik/v28/iJWKBXyIfDnIV7nPrXyi0A.woff2.", source: https://dev-app.chataak.in/dashboards/manufacturer/ (0)
[19971:19971:0327/102218.438711:INFO:CONSOLE(0)] "Tracking Prevention blocked access to storage for https://fonts.gstatic.com/s/rubik/v28/iJWKBXyIfDnIV7nPrXyi0A.woff2.", source: https://dev-app.chataak.in/dashboards/manufacturer/ (0)
[19971:19971:0327/102218.438818:INFO:CONSOLE(0)] "Tracking Prevention blocked access to storage for https://fonts.gstatic.com/s/rubik/v28/iJWKBXyIfDnIV7nPrXyi0A.woff2.", source: https://dev-app.chataak.in/dashboards/manufacturer/ (0)
[19971:19971:0327/102218.641335:INFO:CONSOLE(148)] "Drawer Visibility: false", source: https://dev-app.chataak.in/_next/static/chunks/pages/_app-5a4636e4b068f0ab.js (148)
[19971:19971:0327/102218.641568:INFO:CONSOLE(148)] "Is Mobile: false", source: https://dev-app.chataak.in/_next/static/chunks/pages/_app-5a4636e4b068f0ab.js (148)
[19971:19971:0327/102218.645534:INFO:CONSOLE(148)] "[object Object] fff", source: https://dev-app.chataak.in/_next/static/chunks/pages/_app-5a4636e4b068f0ab.js (148)
[19971:19971:0327/102218.645728:INFO:CONSOLE(148)] "[object Object] theme", source: https://dev-app.chataak.in/_next/static/chunks/pages/_app-5a4636e4b068f0ab.js (148)
[19971:19971:0327/102219.736041:INFO:CONSOLE(148)] "Drawer Visibility: false", source: https://dev-app.chataak.in/_next/static/chunks/pages/_app-5a4636e4b068f0ab.js (148)
[19971:19971:0327/102219.736183:INFO:CONSOLE(148)] "Is Mobile: false", source: https://dev-app.chataak.in/_next/static/chunks/pages/_app-5a4636e4b068f0ab.js (148)
[19971:19971:0327/102220.225395:INFO:CONSOLE(148)] "Drawer Visibility: false", source: https://dev-app.chataak.in/_next/static/chunks/pages/_app-5a4636e4b068f0ab.js (148)
[19971:19971:0327/102220.225625:INFO:CONSOLE(148)] "Is Mobile: false", source: https://dev-app.chataak.in/_next/static/chunks/pages/_app-5a4636e4b068f0ab.js (148)
[19971:19971:0327/102220.237972:INFO:CONSOLE(148)] "Drawer Visibility: false", source: https://dev-app.chataak.in/_next/static/chunks/pages/_app-5a4636e4b068f0ab.js (148)
[19971:19971:0327/102220.238098:INFO:CONSOLE(148)] "Is Mobile: false", source: https://dev-app.chataak.in/_next/static/chunks/pages/_app-5a4636e4b068f0ab.js (148)
[19971:19971:0327/102220.242252:INFO:CONSOLE(148)] "[object Object] fff", source: https://dev-app.chataak.in/_next/static/chunks/pages/_app-5a4636e4b068f0ab.js (148)
[19971:19971:0327/102220.242425:INFO:CONSOLE(148)] "[object Object] theme", source: https://dev-app.chataak.in/_next/static/chunks/pages/_app-5a4636e4b068f0ab.js (148)
[19971:19971:0327/102220.262323:INFO:CONSOLE(1)] "undefined fdfd", source: https://dev-app.chataak.in/_next/static/chunks/pages/dashboards/manufacturer-238989bed68c9927.js (1)
[19971:19971:0327/102220.264335:INFO:CONSOLE(1)] "undefined eee", source: https://dev-app.chataak.in/_next/static/chunks/pages/dashboards/manufacturer-238989bed68c9927.js (1)
[19971:19971:0327/102220.278681:INFO:CONSOLE(148)] "Error: ReferenceError: axios is not defined", source: https://dev-app.chataak.in/_next/static/chunks/pages/_app-5a4636e4b068f0ab.js (148)
[19971:19971:0327/102220.296159:INFO:CONSOLE(148)] "Drawer Visibility: false", source: https://dev-app.chataak.in/_next/static/chunks/pages/_app-5a4636e4b068f0ab.js (148)
[19971:19971:0327/102220.296291:INFO:CONSOLE(148)] "Is Mobile: false", source: https://dev-app.chataak.in/_next/static/chunks/pages/_app-5a4636e4b068f0ab.js (148)
[19971:19971:0327/102220.346786:INFO:CONSOLE(148)] "[object Object] fff", source: https://dev-app.chataak.in/_next/static/chunks/pages/_app-5a4636e4b068f0ab.js (148)
[19971:19971:0327/102220.346880:INFO:CONSOLE(148)] "[object Object] theme", source: https://dev-app.chataak.in/_next/static/chunks/pages/_app-5a4636e4b068f0ab.js (148)
[19971:19971:0327/102220.357425:INFO:CONSOLE(1)] "undefined fdfd", source: https://dev-app.chataak.in/_next/static/chunks/pages/dashboards/manufacturer-238989bed68c9927.js (1)
[19971:19971:0327/102220.360216:INFO:CONSOLE(1)] "undefined eee", source: https://dev-app.chataak.in/_next/static/chunks/pages/dashboards/manufacturer-238989bed68c9927.js (1)
[19971:19971:0327/102220.397967:INFO:CONSOLE(148)] "Drawer Visibility: false", source: https://dev-app.chataak.in/_next/static/chunks/pages/_app-5a4636e4b068f0ab.js (148)
[19971:19971:0327/102220.398100:INFO:CONSOLE(148)] "Is Mobile: false", source: https://dev-app.chataak.in/_next/static/chunks/pages/_app-5a4636e4b068f0ab.js (148)
[19971:19971:0327/102221.377487:INFO:CONSOLE(1)] "undefined fdfd", source: https://dev-app.chataak.in/_next/static/chunks/pages/dashboards/manufacturer-238989bed68c9927.js (1)
[19971:19971:0327/102221.388583:INFO:CONSOLE(1)] "undefined eee", source: https://dev-app.chataak.in/_next/static/chunks/pages/dashboards/manufacturer-238989bed68c9927.js (1)
[19971:19971:0327/102221.573990:INFO:CONSOLE(1)] "[object Object],[object Object] fdfd", source: https://dev-app.chataak.in/_next/static/chunks/pages/dashboards/manufacturer-238989bed68c9927.js (1)
[19971:19971:0327/102221.594575:INFO:CONSOLE(1)] "[object Object],[object Object],[object Object] eee", source: https://dev-app.chataak.in/_next/static/chunks/pages/dashboards/manufacturer-238989bed68c9927.js (1)
[19971:19971:0327/102221.877104:INFO:CONSOLE(1)] "[object Object],[object Object] fdfd", source: https://dev-app.chataak.in/_next/static/chunks/pages/dashboards/manufacturer-238989bed68c9927.js (1)
[19971:19971:0327/102221.884337:INFO:CONSOLE(1)] "[object Object],[object Object],[object Object] eee", source: https://dev-app.chataak.in/_next/static/chunks/pages/dashboards/manufacturer-238989bed68c9927.js (1)
[19971:19971:0327/102222.143950:INFO:CONSOLE(148)] "Error fetching data: [object Object]", source: https://dev-app.chataak.in/_next/static/chunks/pages/_app-5a4636e4b068f0ab.js (148)
[19971:19971:0327/102222.598602:INFO:CONSOLE(148)] "Error: [object Object]", source: https://dev-app.chataak.in/_next/static/chunks/pages/_app-5a4636e4b068f0ab.js (148)
[19971:19971:0327/102222.639527:INFO:CONSOLE(148)] "Error: [object Object]", source: https://dev-app.chataak.in/_next/static/chunks/pages/_app-5a4636e4b068f0ab.js (148)
[19971:19971:0327/102222.691408:INFO:CONSOLE(148)] "Drawer Visibility: false", source: https://dev-app.chataak.in/_next/static/chunks/pages/_app-5a4636e4b068f0ab.js (148)
[19971:19971:0327/102222.692326:INFO:CONSOLE(148)] "Is Mobile: false", source: https://dev-app.chataak.in/_next/static/chunks/pages/_app-5a4636e4b068f0ab.js (148)
[19971:19971:0327/102222.742900:INFO:CONSOLE(148)] "[object Object] fff", source: https://dev-app.chataak.in/_next/static/chunks/pages/_app-5a4636e4b068f0ab.js (148)
[19971:19971:0327/102222.743028:INFO:CONSOLE(148)] "[object Object] theme", source: https://dev-app.chataak.in/_next/static/chunks/pages/_app-5a4636e4b068f0ab.js (148)
[19971:19971:0327/102225.207621:INFO:CONSOLE(148)] "Drawer Visibility: false", source: https://dev-app.chataak.in/_next/static/chunks/pages/_app-5a4636e4b068f0ab.js (148)
[19971:19971:0327/102225.207929:INFO:CONSOLE(148)] "Is Mobile: false", source: https://dev-app.chataak.in/_next/static/chunks/pages/_app-5a4636e4b068f0ab.js (148)
[19971:19971:0327/102234.174055:INFO:CONSOLE(148)] "Drawer Visibility: false", source: https://dev-app.chataak.in/_next/static/chunks/pages/_app-5a4636e4b068f0ab.js (148)
[19971:19971:0327/102234.174150:INFO:CONSOLE(148)] "Is Mobile: false", source: https://dev-app.chataak.in/_next/static/chunks/pages/_app-5a4636e4b068f0ab.js (148)
[19971:19971:0327/102234.217573:INFO:CONSOLE(148)] "Drawer Visibility: false", source: https://dev-app.chataak.in/_next/static/chunks/pages/_app-5a4636e4b068f0ab.js (148)
[19971:19971:0327/102234.217688:INFO:CONSOLE(148)] "Is Mobile: false", source: https://dev-app.chataak.in/_next/static/chunks/pages/_app-5a4636e4b068f0ab.js (148)
[19971:19971:0327/102234.489784:INFO:CONSOLE(148)] "Drawer Visibility: false", source: https://dev-app.chataak.in/_next/static/chunks/pages/_app-5a4636e4b068f0ab.js (148)
[19971:19971:0327/102234.489878:INFO:CONSOLE(148)] "Is Mobile: false", source: https://dev-app.chataak.in/_next/static/chunks/pages/_app-5a4636e4b068f0ab.js (148)
[19971:19971:0327/102234.522699:INFO:CONSOLE(148)] "[object Object] fff", source: https://dev-app.chataak.in/_next/static/chunks/pages/_app-5a4636e4b068f0ab.js (148)
[19971:19971:0327/102234.522803:INFO:CONSOLE(148)] "[object Object] theme", source: https://dev-app.chataak.in/_next/static/chunks/pages/_app-5a4636e4b068f0ab.js (148)
[19971:19971:0327/102238.358224:INFO:CONSOLE(1)] "Error: Route did not complete loading: /catalog-category-manager", source: https://dev-app.chataak.in/_next/static/chunks/main-f6e8ee1eab26013e.js (1)
[19971:19971:0327/102238.380416:INFO:CONSOLE(148)] "Drawer Visibility: false", source: https://dev-app.chataak.in/_next/static/chunks/pages/_app-5a4636e4b068f0ab.js (148)
[19971:19971:0327/102238.380636:INFO:CONSOLE(148)] "Is Mobile: false", source: https://dev-app.chataak.in/_next/static/chunks/pages/_app-5a4636e4b068f0ab.js (148)
[19971:19971:0327/102238.419577:INFO:CONSOLE(148)] "[object Object] fff", source: https://dev-app.chataak.in/_next/static/chunks/pages/_app-5a4636e4b068f0ab.js (148)
[19971:19971:0327/102238.419676:INFO:CONSOLE(148)] "[object Object] theme", source: https://dev-app.chataak.in/_next/static/chunks/pages/_app-5a4636e4b068f0ab.js (148)
[19971:19971:0327/102238.433630:INFO:CONSOLE(1)] "undefined fdfd", source: https://dev-app.chataak.in/_next/static/chunks/pages/dashboards/manufacturer-238989bed68c9927.js (1)
[19971:19971:0327/102238.435879:INFO:CONSOLE(1)] "undefined eee", source: https://dev-app.chataak.in/_next/static/chunks/pages/dashboards/manufacturer-238989bed68c9927.js (1)
[19971:19971:0327/102238.467027:INFO:CONSOLE(1)] "Uncaught (in promise) TypeError: Cannot read properties of undefined (reading 'indexOf')", source: https://dev-app.chataak.in/_next/static/chunks/70cfe1b1.4a58704c5f63d315.js (1)
[19971:19971:0327/102238.473838:INFO:CONSOLE(1)] "undefined fdfd", source: https://dev-app.chataak.in/_next/static/chunks/pages/dashboards/manufacturer-238989bed68c9927.js (1)
[19971:19971:0327/102238.475463:INFO:CONSOLE(1)] "undefined eee", source: https://dev-app.chataak.in/_next/static/chunks/pages/dashboards/manufacturer-238989bed68c9927.js (1)
[19971:19971:0327/102238.901981:INFO:CONSOLE(1)] "undefined fdfd", source: https://dev-app.chataak.in/_next/static/chunks/pages/dashboards/manufacturer-238989bed68c9927.js (1)
[19971:19971:0327/102238.912323:INFO:CONSOLE(1)] "undefined eee", source: https://dev-app.chataak.in/_next/static/chunks/pages/dashboards/manufacturer-238989bed68c9927.js (1)
[19971:19971:0327/102238.983109:INFO:CONSOLE(1)] "undefined fdfd", source: https://dev-app.chataak.in/_next/static/chunks/pages/dashboards/manufacturer-238989bed68c9927.js (1)
[19971:19971:0327/102238.997357:INFO:CONSOLE(1)] "undefined eee", source: https://dev-app.chataak.in/_next/static/chunks/pages/dashboards/manufacturer-238989bed68c9927.js (1)
[19971:19971:0327/102239.336019:INFO:CONSOLE(1)] "[object Object],[object Object] fdfd", source: https://dev-app.chataak.in/_next/static/chunks/pages/dashboards/manufacturer-238989bed68c9927.js (1)
[19971:19971:0327/102239.341820:INFO:CONSOLE(1)] "[object Object],[object Object],[object Object] eee", source: https://dev-app.chataak.in/_next/static/chunks/pages/dashboards/manufacturer-238989bed68c9927.js (1)
[19971:19971:0327/102239.432352:INFO:CONSOLE(0)] "Tracking Prevention blocked access to storage for https://i.pinimg.com/736x/5f/79/a6/5f79a6defe837d721dd2e3b2dba041e1.jpg.", source: https://dev-app.chataak.in/dashboards/manufacturer/ (0)
[19971:19971:0327/102239.432481:INFO:CONSOLE(0)] "Tracking Prevention blocked access to storage for https://i.pinimg.com/736x/5f/79/a6/5f79a6defe837d721dd2e3b2dba041e1.jpg.", source: https://dev-app.chataak.in/dashboards/manufacturer/ (0)
[19971:19971:0327/102239.432592:INFO:CONSOLE(0)] "Tracking Prevention blocked access to storage for https://i.pinimg.com/736x/5f/79/a6/5f79a6defe837d721dd2e3b2dba041e1.jpg.", source: https://dev-app.chataak.in/dashboards/manufacturer/ (0)
[19971:19971:0327/102239.437764:INFO:CONSOLE(0)] "Tracking Prevention blocked access to storage for https://i.pinimg.com/736x/5f/79/a6/5f79a6defe837d721dd2e3b2dba041e1.jpg.", source: https://dev-app.chataak.in/dashboards/manufacturer/ (0)
[19971:19971:0327/102239.437877:INFO:CONSOLE(0)] "Tracking Prevention blocked access to storage for https://i.pinimg.com/736x/5f/79/a6/5f79a6defe837d721dd2e3b2dba041e1.jpg.", source: https://dev-app.chataak.in/dashboards/manufacturer/ (0)
[19971:19971:0327/102239.437956:INFO:CONSOLE(0)] "Tracking Prevention blocked access to storage for https://i.pinimg.com/736x/5f/79/a6/5f79a6defe837d721dd2e3b2dba041e1.jpg.", source: https://dev-app.chataak.in/dashboards/manufacturer/ (0)
[19971:19971:0327/102241.165660:INFO:CONSOLE(1)] "-ms-high-contrast is in the process of being deprecated. Please see https://blogs.windows.com/msedgedev/2024/04/29/deprecating-ms-high-contrast/ for tips on updating to the new Forced Colors Mode standard.", source: https://dev-app.chataak.in/catalog-category-manager/ (1)
[19971:19971:0327/102241.165861:INFO:CONSOLE(1)] "-ms-high-contrast is in the process of being deprecated. Please see https://blogs.windows.com/msedgedev/2024/04/29/deprecating-ms-high-contrast/ for tips on updating to the new Forced Colors Mode standard.", source: https://dev-app.chataak.in/catalog-category-manager/ (1)
[19971:19971:0327/102241.331050:INFO:CONSOLE(148)] "Drawer Visibility: false", source: https://dev-app.chataak.in/_next/static/chunks/pages/_app-5a4636e4b068f0ab.js (148)
[19971:19971:0327/102241.331168:INFO:CONSOLE(148)] "Is Mobile: false", source: https://dev-app.chataak.in/_next/static/chunks/pages/_app-5a4636e4b068f0ab.js (148)
[19971:19971:0327/102241.338801:INFO:CONSOLE(148)] "[object Object] fff", source: https://dev-app.chataak.in/_next/static/chunks/pages/_app-5a4636e4b068f0ab.js (148)
[19971:19971:0327/102241.338967:INFO:CONSOLE(148)] "[object Object] theme", source: https://dev-app.chataak.in/_next/static/chunks/pages/_app-5a4636e4b068f0ab.js (148)
[19971:19971:0327/102241.346837:INFO:CONSOLE(1)] "null editdataindex", source: https://dev-app.chataak.in/_next/static/chunks/pages/catalog-category-manager-21bb8e53a43463b7.js (1)
[19971:19971:0327/102241.346962:INFO:CONSOLE(1)] "[object Object] pagepagepage", source: https://dev-app.chataak.in/_next/static/chunks/pages/catalog-category-manager-21bb8e53a43463b7.js (1)
[19971:19971:0327/102241.347600:INFO:CONSOLE(1)] " searchDetails", source: https://dev-app.chataak.in/_next/static/chunks/pages/catalog-category-manager-21bb8e53a43463b7.js (1)
[19971:19971:0327/102241.360595:INFO:CONSOLE(1)] "[object Object] query", source: https://dev-app.chataak.in/_next/static/chunks/8981-87c5dcc275eefa82.js (1)
[19971:19971:0327/102241.360755:INFO:CONSOLE(1)] "cities ", source: https://dev-app.chataak.in/_next/static/chunks/8981-87c5dcc275eefa82.js (1)
[19971:19971:0327/102241.363099:INFO:CONSOLE(1)] "null selectedLabel", source: https://dev-app.chataak.in/_next/static/chunks/8981-87c5dcc275eefa82.js (1)
[19971:19971:0327/102241.383320:INFO:CONSOLE(148)] "Error: ReferenceError: axios is not defined", source: https://dev-app.chataak.in/_next/static/chunks/pages/_app-5a4636e4b068f0ab.js (148)
[19971:19971:0327/102241.397903:INFO:CONSOLE(1)] "logger", source: https://dev-app.chataak.in/_next/static/chunks/pages/catalog-category-manager-21bb8e53a43463b7.js (1)
[19971:19971:0327/102241.398639:INFO:CONSOLE(1)] "logger", source: https://dev-app.chataak.in/_next/static/chunks/pages/catalog-category-manager-21bb8e53a43463b7.js (1)
[19971:19971:0327/102241.400084:INFO:CONSOLE(148)] "🚀 ~ useEffect ~ accessibleRoutes.includes(pathName: false", source: https://dev-app.chataak.in/_next/static/chunks/pages/_app-5a4636e4b068f0ab.js (148)
[19971:19971:0327/102241.400415:INFO:CONSOLE(148)] "Current URL: /catalog-category-manager/", source: https://dev-app.chataak.in/_next/static/chunks/pages/_app-5a4636e4b068f0ab.js (148)
[19971:19971:0327/102241.477936:INFO:CONSOLE(148)] "Drawer Visibility: false", source: https://dev-app.chataak.in/_next/static/chunks/pages/_app-5a4636e4b068f0ab.js (148)
[19971:19971:0327/102241.478131:INFO:CONSOLE(148)] "Is Mobile: false", source: https://dev-app.chataak.in/_next/static/chunks/pages/_app-5a4636e4b068f0ab.js (148)
[19971:19971:0327/102241.481180:INFO:CONSOLE(148)] "[object Object] fff", source: https://dev-app.chataak.in/_next/static/chunks/pages/_app-5a4636e4b068f0ab.js (148)
[19971:19971:0327/102241.481287:INFO:CONSOLE(148)] "[object Object] theme", source: https://dev-app.chataak.in/_next/static/chunks/pages/_app-5a4636e4b068f0ab.js (148)
[19971:19971:0327/102241.482899:INFO:CONSOLE(1)] "null editdataindex", source: https://dev-app.chataak.in/_next/static/chunks/pages/catalog-category-manager-21bb8e53a43463b7.js (1)
[19971:19971:0327/102241.482974:INFO:CONSOLE(1)] "[object Object] pagepagepage", source: https://dev-app.chataak.in/_next/static/chunks/pages/catalog-category-manager-21bb8e53a43463b7.js (1)
[19971:19971:0327/102241.483208:INFO:CONSOLE(1)] " searchDetails", source: https://dev-app.chataak.in/_next/static/chunks/pages/catalog-category-manager-21bb8e53a43463b7.js (1)
[19971:19971:0327/102241.489754:INFO:CONSOLE(1)] "[object Object] query", source: https://dev-app.chataak.in/_next/static/chunks/8981-87c5dcc275eefa82.js (1)
[19971:19971:0327/102241.489828:INFO:CONSOLE(1)] "cities ", source: https://dev-app.chataak.in/_next/static/chunks/8981-87c5dcc275eefa82.js (1)
[19971:19971:0327/102241.490229:INFO:CONSOLE(1)] "null selectedLabel", source: https://dev-app.chataak.in/_next/static/chunks/8981-87c5dcc275eefa82.js (1)
[19971:19971:0327/102241.526360:INFO:CONSOLE(148)] "Drawer Visibility: false", source: https://dev-app.chataak.in/_next/static/chunks/pages/_app-5a4636e4b068f0ab.js (148)
[19971:19971:0327/102241.526588:INFO:CONSOLE(148)] "Is Mobile: false", source: https://dev-app.chataak.in/_next/static/chunks/pages/_app-5a4636e4b068f0ab.js (148)
[19971:19971:0327/102241.529493:INFO:CONSOLE(148)] "[object Object] fff", source: https://dev-app.chataak.in/_next/static/chunks/pages/_app-5a4636e4b068f0ab.js (148)
[19971:19971:0327/102241.529599:INFO:CONSOLE(148)] "[object Object] theme", source: https://dev-app.chataak.in/_next/static/chunks/pages/_app-5a4636e4b068f0ab.js (148)
[19971:19971:0327/102241.531583:INFO:CONSOLE(1)] "null editdataindex", source: https://dev-app.chataak.in/_next/static/chunks/pages/catalog-category-manager-21bb8e53a43463b7.js (1)
[19971:19971:0327/102241.531715:INFO:CONSOLE(1)] "[object Object] pagepagepage", source: https://dev-app.chataak.in/_next/static/chunks/pages/catalog-category-manager-21bb8e53a43463b7.js (1)
[19971:19971:0327/102241.532157:INFO:CONSOLE(1)] " searchDetails", source: https://dev-app.chataak.in/_next/static/chunks/pages/catalog-category-manager-21bb8e53a43463b7.js (1)
[19971:19971:0327/102241.537403:INFO:CONSOLE(1)] "[object Object] query", source: https://dev-app.chataak.in/_next/static/chunks/8981-87c5dcc275eefa82.js (1)
[19971:19971:0327/102241.537491:INFO:CONSOLE(1)] "cities ", source: https://dev-app.chataak.in/_next/static/chunks/8981-87c5dcc275eefa82.js (1)
[19971:19971:0327/102241.537866:INFO:CONSOLE(1)] "null selectedLabel", source: https://dev-app.chataak.in/_next/static/chunks/8981-87c5dcc275eefa82.js (1)
[19971:19971:0327/102241.997322:INFO:CONSOLE(148)] "Error: [object Object]", source: https://dev-app.chataak.in/_next/static/chunks/pages/_app-5a4636e4b068f0ab.js (148)
[19971:19971:0327/102243.731201:INFO:CONSOLE(1)] "Afghanistan,Aland Islands,Albania,Algeria,American Samoa,Andorra,Angola,Anguilla,Antarctica,Antigua and Barbuda,Argentina,Armenia,Aruba,Australia,Austria,Azerbaijan,Bahrain,Bangladesh,Barbados,Belarus,Belgium,Belize,Benin,Bermuda,Bhutan,Bolivia,Bonaire, Sint Eustatius and Saba,Bosnia and Herzegovina,Botswana,Bouvet Island,Brazil,British Indian Ocean Territory,Brunei,Bulgaria,Burkina Faso,Burundi,Cambodia,Cameroon,Canada,Cape Verde,Cayman Islands,Central African Republic,Chad,Chile,China,Christmas Island,Cocos (Keeling) Islands,Colombia,Comoros,Congo,Cook Islands,Costa Rica,Cote D'Ivoire (Ivory Coast),Croatia,Cuba,Curaçao,Cyprus,Czech Republic,Democratic Republic of the Congo,Denmark,Djibouti,Dominica,Dominican Republic,Ecuador,Egypt,El Salvador,Equatorial Guinea,Eritrea,Estonia,Eswatini,Ethiopia,Falkland Islands,Faroe Islands,Fiji Islands,Finland,France,French Guiana,French Polynesia,French Southern Territories,Gabon,Gambia The,Georgia,Germany,Ghana,Gibraltar,Greece,Greenland,Grenada,Guadeloupe,Guam,Guatemala,Guernsey and Alderney,Guinea,Guinea-Bissau,Guyana,Haiti,Heard Island and McDonald Islands,Honduras,Hong Kong S.A.R.,Hungary,Iceland,India,Indonesia,Iran,Iraq,Ireland,Israel,Italy,Jamaica,Japan,Jersey,Jordan,Kazakhstan,Kenya,Kiribati,Kosovo,Kuwait,Kyrgyzstan,Laos,Latvia,Lebanon,Lesotho,Liberia,Libya,Liechtenstein,Lithuania,Luxembourg,Macau S.A.R.,Madagascar,Malawi,Malaysia,Maldives,Mali,Malta,Man (Isle of),Marshall Islands,Martinique,Mauritania,Mauritius,Mayotte,Mexico,Micronesia,Moldova,Monaco,Mongolia,Montenegro,Montserrat,Morocco,Mozambique,Myanmar,Namibia,Nauru,Nepal,Netherlands,New Caledonia,New Zealand,Nicaragua,Niger,Nigeria,Niue,Norfolk Island,North Korea,North Macedonia,Northern Mariana Islands,Norway,Oman,Pakistan,Palau,Palestinian Territory Occupied,Panama,Papua New Guinea,Paraguay,Peru,Philippines,Pitcairn Island,Poland,Portugal,Puerto Rico,Qatar,Reunion,Romania,Russia,Rwanda,Saint Helena,Saint Kitts and Nevis,Saint Lucia,Saint Pierre and Miquelon,Saint Vincent and the Grenadines,Saint-Barthelemy,Saint-Martin (French part),Samoa,San Marino,Sao Tome and Principe,Saudi Arabia,Senegal,Serbia,Seychelles,Sierra Leone,Singapore,Sint Maarten (Dutch part),Slovakia,Slovenia,Solomon Islands,Somalia,South Africa,South Georgia,South Korea,South Sudan,Spain,Sri Lanka,Sudan,Suriname,Svalbard and Jan Mayen Islands,Sweden,Switzerland,Syria,Taiwan,Tajikistan,Tanzania,Thailand,The Bahamas,Timor-Leste,Togo,Tokelau,Tonga,Trinidad and Tobago,Tunisia,Turkey,Turkmenistan,Turks and Caicos Islands,Tuvalu,Uganda,Ukraine,United Arab Emirates,United Kingdom,United States,United States Minor Outlying Islands,Uruguay,Uzbekistan,Vanuatu,Vatican City State (Holy See),Venezuela,Vietnam,Virgin Islands (British),Virgin Islands (US),Wallis and Futuna Islands,Western Sahara,Yemen,Zambia,Zimbabwe", source: https://dev-app.chataak.in/_next/static/chunks/8981-87c5dcc275eefa82.js (1)
[19971:19971:0327/102243.732865:INFO:CONSOLE(1)] "[object Object] query", source: https://dev-app.chataak.in/_next/static/chunks/8981-87c5dcc275eefa82.js (1)
[19971:19971:0327/102243.733440:INFO:CONSOLE(1)] "cities ", source: https://dev-app.chataak.in/_next/static/chunks/8981-87c5dcc275eefa82.js (1)
[19971:19971:0327/102243.735257:INFO:CONSOLE(1)] "null selectedLabel", source: https://dev-app.chataak.in/_next/static/chunks/8981-87c5dcc275eefa82.js (1)
[19971:19971:0327/102243.810905:INFO:CONSOLE(1)] "[object Object] query", source: https://dev-app.chataak.in/_next/static/chunks/8981-87c5dcc275eefa82.js (1)
[19971:19971:0327/102243.811051:INFO:CONSOLE(1)] "cities ", source: https://dev-app.chataak.in/_next/static/chunks/8981-87c5dcc275eefa82.js (1)
[19971:19971:0327/102243.811724:INFO:CONSOLE(1)] "null selectedLabel", source: https://dev-app.chataak.in/_next/static/chunks/8981-87c5dcc275eefa82.js (1)
[19971:19971:0327/102243.913306:INFO:CONSOLE(1)] "[object Object] dropdowns", source: https://dev-app.chataak.in/_next/static/chunks/8981-87c5dcc275eefa82.js (1)
[19971:19971:0327/102243.914282:INFO:CONSOLE(1)] "[object Object] query", source: https://dev-app.chataak.in/_next/static/chunks/8981-87c5dcc275eefa82.js (1)
[19971:19971:0327/102243.915107:INFO:CONSOLE(1)] "cities ", source: https://dev-app.chataak.in/_next/static/chunks/8981-87c5dcc275eefa82.js (1)
[19971:19971:0327/102243.916784:INFO:CONSOLE(1)] "null selectedLabel", source: https://dev-app.chataak.in/_next/static/chunks/8981-87c5dcc275eefa82.js (1)
[19971:19971:0327/102244.220991:INFO:CONSOLE(1)] "[object Object] kkk", source: https://dev-app.chataak.in/_next/static/chunks/pages/catalog-category-manager-21bb8e53a43463b7.js (1)
[19971:19971:0327/102244.222257:INFO:CONSOLE(1)] "null editdataindex", source: https://dev-app.chataak.in/_next/static/chunks/pages/catalog-category-manager-21bb8e53a43463b7.js (1)
[19971:19971:0327/102244.222859:INFO:CONSOLE(1)] "[object Object] pagepagepage", source: https://dev-app.chataak.in/_next/static/chunks/pages/catalog-category-manager-21bb8e53a43463b7.js (1)
[19971:19971:0327/102244.224395:INFO:CONSOLE(1)] "[object Object] searchDetails", source: https://dev-app.chataak.in/_next/static/chunks/pages/catalog-category-manager-21bb8e53a43463b7.js (1)
[19971:19971:0327/102244.262130:INFO:CONSOLE(1)] "[object Object] query", source: https://dev-app.chataak.in/_next/static/chunks/8981-87c5dcc275eefa82.js (1)
[19971:19971:0327/102244.262216:INFO:CONSOLE(1)] "cities ", source: https://dev-app.chataak.in/_next/static/chunks/8981-87c5dcc275eefa82.js (1)
[19971:19971:0327/102244.262512:INFO:CONSOLE(1)] "null selectedLabel", source: https://dev-app.chataak.in/_next/static/chunks/8981-87c5dcc275eefa82.js (1)
[19971:19971:0327/102244.341919:INFO:CONSOLE(1)] "1 totalRows", source: https://dev-app.chataak.in/_next/static/chunks/pages/catalog-category-manager-21bb8e53a43463b7.js (1)
[19971:19971:0327/102244.342057:INFO:CONSOLE(1)] "[object Object] dfddfdfdd", source: https://dev-app.chataak.in/_next/static/chunks/pages/catalog-category-manager-21bb8e53a43463b7.js (1)
[19971:19971:0327/102244.361784:INFO:CONSOLE(1)] "1 totalRows", source: https://dev-app.chataak.in/_next/static/chunks/pages/catalog-category-manager-21bb8e53a43463b7.js (1)
[19971:19971:0327/102244.361902:INFO:CONSOLE(1)] "[object Object] dfddfdfdd", source: https://dev-app.chataak.in/_next/static/chunks/pages/catalog-category-manager-21bb8e53a43463b7.js (1)
[19971:19971:0327/102244.371611:INFO:CONSOLE(9)] "TypeError: Cannot read properties of undefined (reading '0')", source: https://dev-app.chataak.in/_next/static/chunks/framework-ca706bf673a13738.js (9)
[19971:19971:0327/102244.372233:INFO:CONSOLE(1)] "TypeError: Cannot read properties of undefined (reading '0')", source: https://dev-app.chataak.in/_next/static/chunks/main-f6e8ee1eab26013e.js (1)
[19971:19971:0327/102244.372441:INFO:CONSOLE(1)] "A client-side exception has occurred, see here for more info: https://nextjs.org/docs/messages/client-side-exception-occurred", source: https://dev-app.chataak.in/_next/static/chunks/main-f6e8ee1eab26013e.js (1)
[19971:19971:0327/102244.382035:INFO:CONSOLE(1)] "Cosmetic,Water,Grocery,Home Improvements Products,Laptop,Jewellery,Supermarket,Car showroom,IT SECTOR,Electronics,Outlet retailers,Furniture,Premium Adidas Originals clothing for ultimate comfort.,Automotive,Textiles,789 Marina Beach Road,Developers industry,TIMBER FURNITURE,Comestic,Premium Adidas Originals bag for ultimate comfort.,Books,Car spares ,Sports,Food,Home Improvement Stores,Clothing,Footwear,Stationary,el,sample new industry,FURNITURES,Drug store,123 MG Road,Premium Adidas Originals shoes for ultimate comfort.,metal industry,456 Connaught Place,Sample Industry,Home Decor,laptop Manufactuere,Chain stores,Discount Store,bottel,Home Decors,Fitness,Super Bikes,1010 FC Road", source: https://dev-app.chataak.in/_next/static/chunks/8981-87c5dcc275eefa82.js (1)
[19971:19971:0327/102244.704798:INFO:CONSOLE(1)] "[object Object] kkk", source: https://dev-app.chataak.in/_next/static/chunks/pages/catalog-category-manager-21bb8e53a43463b7.js (1)
[19971:19971:0327/102244.976336:INFO:CONSOLE(148)] "Drawer Visibility: false", source: https://dev-app.chataak.in/_next/static/chunks/pages/_app-5a4636e4b068f0ab.js (148)
[19971:19971:0327/102244.976495:INFO:CONSOLE(148)] "Is Mobile: false", source: https://dev-app.chataak.in/_next/static/chunks/pages/_app-5a4636e4b068f0ab.js (148)
[19971:19971:0327/102244.982714:INFO:CONSOLE(148)] "[object Object] fff", source: https://dev-app.chataak.in/_next/static/chunks/pages/_app-5a4636e4b068f0ab.js (148)
[19971:19971:0327/102244.982983:INFO:CONSOLE(148)] "[object Object] theme", source: https://dev-app.chataak.in/_next/static/chunks/pages/_app-5a4636e4b068f0ab.js (148)
[19971:19971:0327/102245.012410:INFO:CONSOLE(148)] "Error: ReferenceError: axios is not defined", source: https://dev-app.chataak.in/_next/static/chunks/pages/_app-5a4636e4b068f0ab.js (148)
[19971:19971:0327/102245.015382:INFO:CONSOLE(148)] "🚀 ~ useEffect ~ accessibleRoutes.includes(pathName: false", source: https://dev-app.chataak.in/_next/static/chunks/pages/_app-5a4636e4b068f0ab.js (148)
[19971:19971:0327/102245.015816:INFO:CONSOLE(148)] "Current URL: /catalog-category-manager/", source: https://dev-app.chataak.in/_next/static/chunks/pages/_app-5a4636e4b068f0ab.js (148)
[19971:19971:0327/102245.028203:INFO:CONSOLE(148)] "Drawer Visibility: false", source: https://dev-app.chataak.in/_next/static/chunks/pages/_app-5a4636e4b068f0ab.js (148)
[19971:19971:0327/102245.028736:INFO:CONSOLE(148)] "Is Mobile: false", source: https://dev-app.chataak.in/_next/static/chunks/pages/_app-5a4636e4b068f0ab.js (148)
[19971:19971:0327/102245.033674:INFO:CONSOLE(148)] "[object Object] fff", source: https://dev-app.chataak.in/_next/static/chunks/pages/_app-5a4636e4b068f0ab.js (148)
[19971:19971:0327/102245.034423:INFO:CONSOLE(148)] "[object Object] theme", source: https://dev-app.chataak.in/_next/static/chunks/pages/_app-5a4636e4b068f0ab.js (148)
[19971:19971:0327/102245.066528:INFO:CONSOLE(148)] "Drawer Visibility: false", source: https://dev-app.chataak.in/_next/static/chunks/pages/_app-5a4636e4b068f0ab.js (148)
[19971:19971:0327/102245.066894:INFO:CONSOLE(148)] "Is Mobile: false", source: https://dev-app.chataak.in/_next/static/chunks/pages/_app-5a4636e4b068f0ab.js (148)
[19971:19971:0327/102245.072232:INFO:CONSOLE(148)] "[object Object] fff", source: https://dev-app.chataak.in/_next/static/chunks/pages/_app-5a4636e4b068f0ab.js (148)
[19971:19971:0327/102245.075928:INFO:CONSOLE(148)] "[object Object] theme", source: https://dev-app.chataak.in/_next/static/chunks/pages/_app-5a4636e4b068f0ab.js (148)
[19971:19971:0327/102245.090013:INFO:CONSOLE(148)] "Drawer Visibility: false", source: https://dev-app.chataak.in/_next/static/chunks/pages/_app-5a4636e4b068f0ab.js (148)
[19971:19971:0327/102245.090192:INFO:CONSOLE(148)] "Is Mobile: false", source: https://dev-app.chataak.in/_next/static/chunks/pages/_app-5a4636e4b068f0ab.js (148)
[19971:19971:0327/102245.094291:INFO:CONSOLE(148)] "[object Object] fff", source: https://dev-app.chataak.in/_next/static/chunks/pages/_app-5a4636e4b068f0ab.js (148)
[19971:19971:0327/102245.094933:INFO:CONSOLE(148)] "[object Object] theme", source: https://dev-app.chataak.in/_next/static/chunks/pages/_app-5a4636e4b068f0ab.js (148)
[19971:19971:0327/102245.506929:INFO:CONSOLE(148)] "Error: [object Object]", source: https://dev-app.chataak.in/_next/static/chunks/pages/_app-5a4636e4b068f0ab.js (148)
[19971:19971:0327/102245.771616:INFO:CONSOLE(148)] "Drawer Visibility: false", source: https://dev-app.chataak.in/_next/static/chunks/pages/_app-5a4636e4b068f0ab.js (148)
[19971:19971:0327/102245.771710:INFO:CONSOLE(148)] "Is Mobile: false", source: https://dev-app.chataak.in/_next/static/chunks/pages/_app-5a4636e4b068f0ab.js (148)
[19971:19971:0327/102246.458739:INFO:CONSOLE(148)] "Drawer Visibility: false", source: https://dev-app.chataak.in/_next/static/chunks/pages/_app-5a4636e4b068f0ab.js (148)
[19971:19971:0327/102246.459492:INFO:CONSOLE(148)] "Is Mobile: false", source: https://dev-app.chataak.in/_next/static/chunks/pages/_app-5a4636e4b068f0ab.js (148)
[19971:19971:0327/102246.461761:INFO:CONSOLE(148)] "[object Object] fff", source: https://dev-app.chataak.in/_next/static/chunks/pages/_app-5a4636e4b068f0ab.js (148)
[19971:19971:0327/102246.463072:INFO:CONSOLE(148)] "[object Object] theme", source: https://dev-app.chataak.in/_next/static/chunks/pages/_app-5a4636e4b068f0ab.js (148)
[19971:19971:0327/102246.478642:INFO:CONSOLE(148)] "Drawer Visibility: false", source: https://dev-app.chataak.in/_next/static/chunks/pages/_app-5a4636e4b068f0ab.js (148)
[19971:19971:0327/102246.478809:INFO:CONSOLE(148)] "Is Mobile: false", source: https://dev-app.chataak.in/_next/static/chunks/pages/_app-5a4636e4b068f0ab.js (148)
[19971:19971:0327/102247.051607:INFO:CONSOLE(148)] "Drawer Visibility: false", source: https://dev-app.chataak.in/_next/static/chunks/pages/_app-5a4636e4b068f0ab.js (148)
[19971:19971:0327/102247.051721:INFO:CONSOLE(148)] "Is Mobile: false", source: https://dev-app.chataak.in/_next/static/chunks/pages/_app-5a4636e4b068f0ab.js (148)
[19971:19971:0327/102247.639769:INFO:CONSOLE(148)] "Drawer Visibility: false", source: https://dev-app.chataak.in/_next/static/chunks/pages/_app-5a4636e4b068f0ab.js (148)
[19971:19971:0327/102247.640024:INFO:CONSOLE(148)] "Is Mobile: false", source: https://dev-app.chataak.in/_next/static/chunks/pages/_app-5a4636e4b068f0ab.js (148)
[19971:19971:0327/102247.647879:INFO:CONSOLE(148)] "[object Object] fff", source: https://dev-app.chataak.in/_next/static/chunks/pages/_app-5a4636e4b068f0ab.js (148)
[19971:19971:0327/102247.648229:INFO:CONSOLE(148)] "[object Object] theme", source: https://dev-app.chataak.in/_next/static/chunks/pages/_app-5a4636e4b068f0ab.js (148)
[19971:19971:0327/102249.002463:INFO:CONSOLE(148)] "Drawer Visibility: false", source: https://dev-app.chataak.in/_next/static/chunks/pages/_app-5a4636e4b068f0ab.js (148)
[19971:19971:0327/102249.002807:INFO:CONSOLE(148)] "Is Mobile: false", source: https://dev-app.chataak.in/_next/static/chunks/pages/_app-5a4636e4b068f0ab.js (148)
[19971:19971:0327/102249.016397:INFO:CONSOLE(148)] "Drawer Visibility: false", source: https://dev-app.chataak.in/_next/static/chunks/pages/_app-5a4636e4b068f0ab.js (148)
[19971:19971:0327/102249.016619:INFO:CONSOLE(148)] "Is Mobile: false", source: https://dev-app.chataak.in/_next/static/chunks/pages/_app-5a4636e4b068f0ab.js (148)
[19971:19971:0327/102249.020569:INFO:CONSOLE(148)] "[object Object] fff", source: https://dev-app.chataak.in/_next/static/chunks/pages/_app-5a4636e4b068f0ab.js (148)
[19971:19971:0327/102249.020718:INFO:CONSOLE(148)] "[object Object] theme", source: https://dev-app.chataak.in/_next/static/chunks/pages/_app-5a4636e4b068f0ab.js (148)
[19971:19971:0327/102249.035885:INFO:CONSOLE(148)] "Error: ReferenceError: axios is not defined", source: https://dev-app.chataak.in/_next/static/chunks/pages/_app-5a4636e4b068f0ab.js (148)
[19971:19971:0327/102249.044642:INFO:CONSOLE(148)] "Drawer Visibility: false", source: https://dev-app.chataak.in/_next/static/chunks/pages/_app-5a4636e4b068f0ab.js (148)
[19971:19971:0327/102249.044761:INFO:CONSOLE(148)] "Is Mobile: false", source: https://dev-app.chataak.in/_next/static/chunks/pages/_app-5a4636e4b068f0ab.js (148)
[19971:19971:0327/102249.083099:INFO:CONSOLE(148)] "[object Object] fff", source: https://dev-app.chataak.in/_next/static/chunks/pages/_app-5a4636e4b068f0ab.js (148)
[19971:19971:0327/102249.083186:INFO:CONSOLE(148)] "[object Object] theme", source: https://dev-app.chataak.in/_next/static/chunks/pages/_app-5a4636e4b068f0ab.js (148)
[19971:19971:0327/102249.108630:INFO:CONSOLE(148)] "Drawer Visibility: false", source: https://dev-app.chataak.in/_next/static/chunks/pages/_app-5a4636e4b068f0ab.js (148)
[19971:19971:0327/102249.108761:INFO:CONSOLE(148)] "Is Mobile: false", source: https://dev-app.chataak.in/_next/static/chunks/pages/_app-5a4636e4b068f0ab.js (148)
[19971:19971:0327/102249.512738:INFO:CONSOLE(148)] "Error: [object Object]", source: https://dev-app.chataak.in/_next/static/chunks/pages/_app-5a4636e4b068f0ab.js (148)
[19971:19971:0327/102249.645464:INFO:CONSOLE(148)] "Error fetching data: [object Object]", source: https://dev-app.chataak.in/_next/static/chunks/pages/_app-5a4636e4b068f0ab.js (148)
[19971:19971:0327/102249.658335:INFO:CONSOLE(148)] "Drawer Visibility: false", source: https://dev-app.chataak.in/_next/static/chunks/pages/_app-5a4636e4b068f0ab.js (148)
[19971:19971:0327/102249.658637:INFO:CONSOLE(148)] "Is Mobile: false", source: https://dev-app.chataak.in/_next/static/chunks/pages/_app-5a4636e4b068f0ab.js (148)
[19971:19971:0327/102249.709763:INFO:CONSOLE(148)] "[object Object] fff", source: https://dev-app.chataak.in/_next/static/chunks/pages/_app-5a4636e4b068f0ab.js (148)
[19971:19971:0327/102249.709841:INFO:CONSOLE(148)] "[object Object] theme", source: https://dev-app.chataak.in/_next/static/chunks/pages/_app-5a4636e4b068f0ab.js (148)
[19971:19971:0327/102250.190346:INFO:CONSOLE(148)] "Drawer Visibility: false", source: https://dev-app.chataak.in/_next/static/chunks/pages/_app-5a4636e4b068f0ab.js (148)
[19971:19971:0327/102250.190737:INFO:CONSOLE(148)] "Is Mobile: false", source: https://dev-app.chataak.in/_next/static/chunks/pages/_app-5a4636e4b068f0ab.js (148)
[19971:19971:0327/102250.599908:INFO:CONSOLE(148)] "Error: [object Object]", source: https://dev-app.chataak.in/_next/static/chunks/pages/_app-5a4636e4b068f0ab.js (148)
