[20804:20804:0327/102449.727818:WARNING:activity_log_policy.cc(68)] Scheduling init
[20804:20804:0327/102449.727940:WARNING:activity_log_policy.cc(68)] Scheduling init
[20853:20853:0327/102449.799977:WARNING:sandbox_linux.cc(420)] InitializeSandbox() called with multiple threads in process gpu-process.
[20853:20853:0327/102449.800664:WARNING:viz_main_impl.cc(85)] VizNullHypothesis is disabled (not a warning)
[20804:20804:0327/102451.835805:INFO:CONSOLE(2)] "PSL: Preferences API does not have background_setting_preferences. [object Object] Thu Mar 27 2025 10:24:51 GMT+0530 (India Standard Time)", source: https://assets.msn.com/bundles/v1/edgeChromium/latest/vendors.08ddc3af8246ad2193cd.js (2)
[20804:20804:0327/102451.941786:INFO:CONSOLE(310)] "-ms-high-contrast is in the process of being deprecated. Please see https://blogs.windows.com/msedgedev/2024/04/29/deprecating-ms-high-contrast/ for tips on updating to the new Forced Colors Mode standard.", source: https://assets.msn.com/bundles/v1/edgeChromium/latest/microsoft.50229b34d72ee6ba350f.js (310)
[20873:20898:0327/102452.555419:WARNING:spdy_session.cc(3001)] Received HEADERS for invalid stream 3
[20873:20898:0327/102452.555761:WARNING:spdy_session.cc(3001)] Received HEADERS for invalid stream 5
[20873:20898:0327/102452.555853:WARNING:spdy_session.cc(3001)] Received HEADERS for invalid stream 7
[20873:20898:0327/102452.559936:WARNING:spdy_session.cc(3001)] Received HEADERS for invalid stream 9
[20873:20898:0327/102452.560102:WARNING:spdy_session.cc(3001)] Received HEADERS for invalid stream 11
[20873:20898:0327/102452.560176:WARNING:spdy_session.cc(3001)] Received HEADERS for invalid stream 13
[20873:20898:0327/102452.560240:WARNING:spdy_session.cc(3001)] Received HEADERS for invalid stream 15
[20873:20898:0327/102452.560367:WARNING:spdy_session.cc(3001)] Received HEADERS for invalid stream 17
[20873:20898:0327/102452.560438:WARNING:spdy_session.cc(3001)] Received HEADERS for invalid stream 19
[20873:20898:0327/102452.560530:WARNING:spdy_session.cc(3001)] Received HEADERS for invalid stream 21
[20804:20804:0327/102452.869052:INFO:CONSOLE(0)] "-ms-high-contrast is in the process of being deprecated. Please see https://blogs.windows.com/msedgedev/2024/04/29/deprecating-ms-high-contrast/ for tips on updating to the new Forced Colors Mode standard.", source: https://dev-app.chataak.in/login/ (0)
[20804:20804:0327/102452.869158:INFO:CONSOLE(0)] "-ms-high-contrast is in the process of being deprecated. Please see https://blogs.windows.com/msedgedev/2024/04/29/deprecating-ms-high-contrast/ for tips on updating to the new Forced Colors Mode standard.", source: https://dev-app.chataak.in/login/ (0)
[20804:20804:0327/102456.095260:INFO:CONSOLE(0)] "[DOM] Input elements should have autocomplete attributes (suggested: "username"): (More info: https://www.chromium.org/developers/design-documents/create-amazing-password-forms) %o", source: https://dev-app.chataak.in/login/ (0)
[20804:20804:0327/102456.158877:INFO:CONSOLE(148)] "🚀 ~ useEffect ~ accessibleRoutes.includes(pathName: false", source: https://dev-app.chataak.in/_next/static/chunks/pages/_app-5a4636e4b068f0ab.js (148)
[20804:20804:0327/102456.159559:INFO:CONSOLE(148)] "Current URL: /login/", source: https://dev-app.chataak.in/_next/static/chunks/pages/_app-5a4636e4b068f0ab.js (148)
[21164:1:0327/102458.912969:INFO:extractor_impl.cc(983)] ExtractorImpl::SetIsPendingEEConfig : 1
[20804:20804:0327/102502.407292:INFO:CONSOLE(148)] "Current URL: /", source: https://dev-app.chataak.in/_next/static/chunks/pages/_app-5a4636e4b068f0ab.js (148)
[20804:20804:0327/102505.232876:INFO:CONSOLE(148)] "Drawer Visibility: false", source: https://dev-app.chataak.in/_next/static/chunks/pages/_app-5a4636e4b068f0ab.js (148)
[20804:20804:0327/102505.233257:INFO:CONSOLE(148)] "Is Mobile: false", source: https://dev-app.chataak.in/_next/static/chunks/pages/_app-5a4636e4b068f0ab.js (148)
[20804:20804:0327/102505.263561:INFO:CONSOLE(148)] "[object Object] fff", source: https://dev-app.chataak.in/_next/static/chunks/pages/_app-5a4636e4b068f0ab.js (148)
[20804:20804:0327/102505.263802:INFO:CONSOLE(148)] "[object Object] theme", source: https://dev-app.chataak.in/_next/static/chunks/pages/_app-5a4636e4b068f0ab.js (148)
[20804:20804:0327/102505.440963:INFO:CONSOLE(148)] "Error: ReferenceError: axios is not defined", source: https://dev-app.chataak.in/_next/static/chunks/pages/_app-5a4636e4b068f0ab.js (148)
[20804:20804:0327/102505.449829:INFO:CONSOLE(148)] "Current URL: /dashboards/manufacturer/", source: https://dev-app.chataak.in/_next/static/chunks/pages/_app-5a4636e4b068f0ab.js (148)
[20804:20804:0327/102505.449929:INFO:CONSOLE(148)] "URL contains: manufacturer", source: https://dev-app.chataak.in/_next/static/chunks/pages/_app-5a4636e4b068f0ab.js (148)
[20804:20804:0327/102505.466897:INFO:CONSOLE(148)] "Drawer Visibility: false", source: https://dev-app.chataak.in/_next/static/chunks/pages/_app-5a4636e4b068f0ab.js (148)
[20804:20804:0327/102505.467074:INFO:CONSOLE(148)] "Is Mobile: false", source: https://dev-app.chataak.in/_next/static/chunks/pages/_app-5a4636e4b068f0ab.js (148)
[20804:20804:0327/102505.478640:INFO:CONSOLE(148)] "[object Object] fff", source: https://dev-app.chataak.in/_next/static/chunks/pages/_app-5a4636e4b068f0ab.js (148)
[20804:20804:0327/102505.478787:INFO:CONSOLE(148)] "[object Object] theme", source: https://dev-app.chataak.in/_next/static/chunks/pages/_app-5a4636e4b068f0ab.js (148)
[20804:20804:0327/102505.559225:INFO:CONSOLE(1)] "undefined fdfd", source: https://dev-app.chataak.in/_next/static/chunks/pages/dashboards/manufacturer-238989bed68c9927.js (1)
[20804:20804:0327/102505.580412:INFO:CONSOLE(1)] "undefined eee", source: https://dev-app.chataak.in/_next/static/chunks/pages/dashboards/manufacturer-238989bed68c9927.js (1)
[20804:20804:0327/102505.693424:INFO:CONSOLE(1)] "undefined fdfd", source: https://dev-app.chataak.in/_next/static/chunks/pages/dashboards/manufacturer-238989bed68c9927.js (1)
[20804:20804:0327/102505.697543:INFO:CONSOLE(1)] "undefined eee", source: https://dev-app.chataak.in/_next/static/chunks/pages/dashboards/manufacturer-238989bed68c9927.js (1)
[20804:20804:0327/102506.425043:INFO:CONSOLE(1)] "undefined fdfd", source: https://dev-app.chataak.in/_next/static/chunks/pages/dashboards/manufacturer-238989bed68c9927.js (1)
[20804:20804:0327/102506.427945:INFO:CONSOLE(1)] "undefined eee", source: https://dev-app.chataak.in/_next/static/chunks/pages/dashboards/manufacturer-238989bed68c9927.js (1)
[20804:20804:0327/102506.464984:INFO:CONSOLE(148)] "Error fetching data: [object Object]", source: https://dev-app.chataak.in/_next/static/chunks/pages/_app-5a4636e4b068f0ab.js (148)
[20804:20804:0327/102506.466730:INFO:CONSOLE(148)] "Error: [object Object]", source: https://dev-app.chataak.in/_next/static/chunks/pages/_app-5a4636e4b068f0ab.js (148)
[20804:20804:0327/102506.483012:INFO:CONSOLE(148)] "Error: [object Object]", source: https://dev-app.chataak.in/_next/static/chunks/pages/_app-5a4636e4b068f0ab.js (148)
[20804:20804:0327/102506.710831:INFO:CONSOLE(148)] "Drawer Visibility: false", source: https://dev-app.chataak.in/_next/static/chunks/pages/_app-5a4636e4b068f0ab.js (148)
[20804:20804:0327/102506.711261:INFO:CONSOLE(148)] "Is Mobile: false", source: https://dev-app.chataak.in/_next/static/chunks/pages/_app-5a4636e4b068f0ab.js (148)
[20804:20804:0327/102506.797947:INFO:CONSOLE(148)] "[object Object] fff", source: https://dev-app.chataak.in/_next/static/chunks/pages/_app-5a4636e4b068f0ab.js (148)
[20804:20804:0327/102506.798065:INFO:CONSOLE(148)] "[object Object] theme", source: https://dev-app.chataak.in/_next/static/chunks/pages/_app-5a4636e4b068f0ab.js (148)
[20804:20804:0327/102506.843158:INFO:CONSOLE(148)] "Drawer Visibility: false", source: https://dev-app.chataak.in/_next/static/chunks/pages/_app-5a4636e4b068f0ab.js (148)
[20804:20804:0327/102506.843264:INFO:CONSOLE(148)] "Is Mobile: false", source: https://dev-app.chataak.in/_next/static/chunks/pages/_app-5a4636e4b068f0ab.js (148)
[20804:20804:0327/102506.910097:INFO:CONSOLE(1)] "[object Object],[object Object] fdfd", source: https://dev-app.chataak.in/_next/static/chunks/pages/dashboards/manufacturer-238989bed68c9927.js (1)
[20804:20804:0327/102506.920583:INFO:CONSOLE(1)] "[object Object],[object Object],[object Object] eee", source: https://dev-app.chataak.in/_next/static/chunks/pages/dashboards/manufacturer-238989bed68c9927.js (1)
[20804:20804:0327/102507.284581:INFO:CONSOLE(148)] "Drawer Visibility: false", source: https://dev-app.chataak.in/_next/static/chunks/pages/_app-5a4636e4b068f0ab.js (148)
[20804:20804:0327/102507.284666:INFO:CONSOLE(148)] "Is Mobile: false", source: https://dev-app.chataak.in/_next/static/chunks/pages/_app-5a4636e4b068f0ab.js (148)
[20804:20804:0327/102507.332762:INFO:CONSOLE(148)] "Drawer Visibility: false", source: https://dev-app.chataak.in/_next/static/chunks/pages/_app-5a4636e4b068f0ab.js (148)
[20804:20804:0327/102507.332842:INFO:CONSOLE(148)] "Is Mobile: false", source: https://dev-app.chataak.in/_next/static/chunks/pages/_app-5a4636e4b068f0ab.js (148)
[20804:20804:0327/102507.387945:INFO:CONSOLE(148)] "Drawer Visibility: false", source: https://dev-app.chataak.in/_next/static/chunks/pages/_app-5a4636e4b068f0ab.js (148)
[20804:20804:0327/102507.388119:INFO:CONSOLE(148)] "Is Mobile: false", source: https://dev-app.chataak.in/_next/static/chunks/pages/_app-5a4636e4b068f0ab.js (148)
[20804:20804:0327/102507.632370:INFO:CONSOLE(148)] "Drawer Visibility: false", source: https://dev-app.chataak.in/_next/static/chunks/pages/_app-5a4636e4b068f0ab.js (148)
[20804:20804:0327/102507.632468:INFO:CONSOLE(148)] "Is Mobile: false", source: https://dev-app.chataak.in/_next/static/chunks/pages/_app-5a4636e4b068f0ab.js (148)
[20804:20804:0327/102507.665635:INFO:CONSOLE(148)] "[object Object] fff", source: https://dev-app.chataak.in/_next/static/chunks/pages/_app-5a4636e4b068f0ab.js (148)
[20804:20804:0327/102507.665754:INFO:CONSOLE(148)] "[object Object] theme", source: https://dev-app.chataak.in/_next/static/chunks/pages/_app-5a4636e4b068f0ab.js (148)
[20804:20804:0327/102508.280277:INFO:CONSOLE(148)] "Drawer Visibility: false", source: https://dev-app.chataak.in/_next/static/chunks/pages/_app-5a4636e4b068f0ab.js (148)
[20804:20804:0327/102508.280376:INFO:CONSOLE(148)] "Is Mobile: false", source: https://dev-app.chataak.in/_next/static/chunks/pages/_app-5a4636e4b068f0ab.js (148)
[20804:20804:0327/102508.328178:INFO:CONSOLE(148)] "[object Object] fff", source: https://dev-app.chataak.in/_next/static/chunks/pages/_app-5a4636e4b068f0ab.js (148)
[20804:20804:0327/102508.328290:INFO:CONSOLE(148)] "[object Object] theme", source: https://dev-app.chataak.in/_next/static/chunks/pages/_app-5a4636e4b068f0ab.js (148)
[20804:20804:0327/102508.338720:INFO:CONSOLE(148)] "Current URL: /catalog-category-manager/", source: https://dev-app.chataak.in/_next/static/chunks/pages/_app-5a4636e4b068f0ab.js (148)
[20804:20804:0327/102508.344626:INFO:CONSOLE(148)] "Drawer Visibility: false", source: https://dev-app.chataak.in/_next/static/chunks/pages/_app-5a4636e4b068f0ab.js (148)
[20804:20804:0327/102508.344736:INFO:CONSOLE(148)] "Is Mobile: false", source: https://dev-app.chataak.in/_next/static/chunks/pages/_app-5a4636e4b068f0ab.js (148)
[20804:20804:0327/102508.372265:INFO:CONSOLE(148)] "[object Object] fff", source: https://dev-app.chataak.in/_next/static/chunks/pages/_app-5a4636e4b068f0ab.js (148)
[20804:20804:0327/102508.372359:INFO:CONSOLE(148)] "[object Object] theme", source: https://dev-app.chataak.in/_next/static/chunks/pages/_app-5a4636e4b068f0ab.js (148)
[20804:20804:0327/102508.377375:INFO:CONSOLE(1)] "null editdataindex", source: https://dev-app.chataak.in/_next/static/chunks/pages/catalog-category-manager-21bb8e53a43463b7.js (1)
[20804:20804:0327/102508.377445:INFO:CONSOLE(1)] "[object Object] pagepagepage", source: https://dev-app.chataak.in/_next/static/chunks/pages/catalog-category-manager-21bb8e53a43463b7.js (1)
[20804:20804:0327/102508.378278:INFO:CONSOLE(1)] " searchDetails", source: https://dev-app.chataak.in/_next/static/chunks/pages/catalog-category-manager-21bb8e53a43463b7.js (1)
[20804:20804:0327/102508.389104:INFO:CONSOLE(1)] "[object Object] query", source: https://dev-app.chataak.in/_next/static/chunks/8981-87c5dcc275eefa82.js (1)
[20804:20804:0327/102508.389236:INFO:CONSOLE(1)] "cities ", source: https://dev-app.chataak.in/_next/static/chunks/8981-87c5dcc275eefa82.js (1)
[20804:20804:0327/102508.389991:INFO:CONSOLE(1)] "null selectedLabel", source: https://dev-app.chataak.in/_next/static/chunks/8981-87c5dcc275eefa82.js (1)
[20804:20804:0327/102508.419467:INFO:CONSOLE(1)] "logger", source: https://dev-app.chataak.in/_next/static/chunks/pages/catalog-category-manager-21bb8e53a43463b7.js (1)
[20804:20804:0327/102508.420131:INFO:CONSOLE(1)] "logger", source: https://dev-app.chataak.in/_next/static/chunks/pages/catalog-category-manager-21bb8e53a43463b7.js (1)
[20804:20804:0327/102508.481321:INFO:CONSOLE(1)] "null editdataindex", source: https://dev-app.chataak.in/_next/static/chunks/pages/catalog-category-manager-21bb8e53a43463b7.js (1)
[20804:20804:0327/102508.481513:INFO:CONSOLE(1)] "[object Object] pagepagepage", source: https://dev-app.chataak.in/_next/static/chunks/pages/catalog-category-manager-21bb8e53a43463b7.js (1)
[20804:20804:0327/102508.481963:INFO:CONSOLE(1)] " searchDetails", source: https://dev-app.chataak.in/_next/static/chunks/pages/catalog-category-manager-21bb8e53a43463b7.js (1)
[20804:20804:0327/102508.488373:INFO:CONSOLE(1)] "[object Object] query", source: https://dev-app.chataak.in/_next/static/chunks/8981-87c5dcc275eefa82.js (1)
[20804:20804:0327/102508.488492:INFO:CONSOLE(1)] "cities ", source: https://dev-app.chataak.in/_next/static/chunks/8981-87c5dcc275eefa82.js (1)
[20804:20804:0327/102508.488935:INFO:CONSOLE(1)] "null selectedLabel", source: https://dev-app.chataak.in/_next/static/chunks/8981-87c5dcc275eefa82.js (1)
[20804:20804:0327/102508.619409:INFO:CONSOLE(1)] "null editdataindex", source: https://dev-app.chataak.in/_next/static/chunks/pages/catalog-category-manager-21bb8e53a43463b7.js (1)
[20804:20804:0327/102508.619482:INFO:CONSOLE(1)] "[object Object] pagepagepage", source: https://dev-app.chataak.in/_next/static/chunks/pages/catalog-category-manager-21bb8e53a43463b7.js (1)
[20804:20804:0327/102508.619807:INFO:CONSOLE(1)] " searchDetails", source: https://dev-app.chataak.in/_next/static/chunks/pages/catalog-category-manager-21bb8e53a43463b7.js (1)
[20804:20804:0327/102508.625296:INFO:CONSOLE(1)] "[object Object] query", source: https://dev-app.chataak.in/_next/static/chunks/8981-87c5dcc275eefa82.js (1)
[20804:20804:0327/102508.625380:INFO:CONSOLE(1)] "cities ", source: https://dev-app.chataak.in/_next/static/chunks/8981-87c5dcc275eefa82.js (1)
[20804:20804:0327/102508.625860:INFO:CONSOLE(1)] "null selectedLabel", source: https://dev-app.chataak.in/_next/static/chunks/8981-87c5dcc275eefa82.js (1)
[20804:20804:0327/102509.152421:INFO:CONSOLE(1)] "[object Object] dropdowns", source: https://dev-app.chataak.in/_next/static/chunks/8981-87c5dcc275eefa82.js (1)
[20804:20804:0327/102509.154044:INFO:CONSOLE(1)] "[object Object] query", source: https://dev-app.chataak.in/_next/static/chunks/8981-87c5dcc275eefa82.js (1)
[20804:20804:0327/102509.154200:INFO:CONSOLE(1)] "cities ", source: https://dev-app.chataak.in/_next/static/chunks/8981-87c5dcc275eefa82.js (1)
[20804:20804:0327/102509.154690:INFO:CONSOLE(1)] "null selectedLabel", source: https://dev-app.chataak.in/_next/static/chunks/8981-87c5dcc275eefa82.js (1)
[20804:20804:0327/102509.175358:INFO:CONSOLE(1)] "Cosmetic,Water,Grocery,Home Improvements Products,Laptop,Jewellery,Supermarket,Car showroom,IT SECTOR,Electronics,Outlet retailers,Furniture,Premium Adidas Originals clothing for ultimate comfort.,Automotive,Textiles,789 Marina Beach Road,Developers industry,TIMBER FURNITURE,Comestic,Premium Adidas Originals bag for ultimate comfort.,Books,Car spares ,Sports,Food,Home Improvement Stores,Clothing,Footwear,Stationary,el,sample new industry,FURNITURES,Drug store,123 MG Road,Premium Adidas Originals shoes for ultimate comfort.,metal industry,456 Connaught Place,Sample Industry,Home Decor,laptop Manufactuere,Chain stores,Discount Store,bottel,Home Decors,Fitness,Super Bikes,1010 FC Road", source: https://dev-app.chataak.in/_next/static/chunks/8981-87c5dcc275eefa82.js (1)
[20804:20804:0327/102509.178841:INFO:CONSOLE(1)] "[object Object] query", source: https://dev-app.chataak.in/_next/static/chunks/8981-87c5dcc275eefa82.js (1)
[20804:20804:0327/102509.179170:INFO:CONSOLE(1)] "cities ", source: https://dev-app.chataak.in/_next/static/chunks/8981-87c5dcc275eefa82.js (1)
[20804:20804:0327/102509.179945:INFO:CONSOLE(1)] "null selectedLabel", source: https://dev-app.chataak.in/_next/static/chunks/8981-87c5dcc275eefa82.js (1)
[20804:20804:0327/102509.202430:INFO:CONSOLE(1)] "Afghanistan,Aland Islands,Albania,Algeria,American Samoa,Andorra,Angola,Anguilla,Antarctica,Antigua and Barbuda,Argentina,Armenia,Aruba,Australia,Austria,Azerbaijan,Bahrain,Bangladesh,Barbados,Belarus,Belgium,Belize,Benin,Bermuda,Bhutan,Bolivia,Bonaire, Sint Eustatius and Saba,Bosnia and Herzegovina,Botswana,Bouvet Island,Brazil,British Indian Ocean Territory,Brunei,Bulgaria,Burkina Faso,Burundi,Cambodia,Cameroon,Canada,Cape Verde,Cayman Islands,Central African Republic,Chad,Chile,China,Christmas Island,Cocos (Keeling) Islands,Colombia,Comoros,Congo,Cook Islands,Costa Rica,Cote D'Ivoire (Ivory Coast),Croatia,Cuba,Curaçao,Cyprus,Czech Republic,Democratic Republic of the Congo,Denmark,Djibouti,Dominica,Dominican Republic,Ecuador,Egypt,El Salvador,Equatorial Guinea,Eritrea,Estonia,Eswatini,Ethiopia,Falkland Islands,Faroe Islands,Fiji Islands,Finland,France,French Guiana,French Polynesia,French Southern Territories,Gabon,Gambia The,Georgia,Germany,Ghana,Gibraltar,Greece,Greenland,Grenada,Guadeloupe,Guam,Guatemala,Guernsey and Alderney,Guinea,Guinea-Bissau,Guyana,Haiti,Heard Island and McDonald Islands,Honduras,Hong Kong S.A.R.,Hungary,Iceland,India,Indonesia,Iran,Iraq,Ireland,Israel,Italy,Jamaica,Japan,Jersey,Jordan,Kazakhstan,Kenya,Kiribati,Kosovo,Kuwait,Kyrgyzstan,Laos,Latvia,Lebanon,Lesotho,Liberia,Libya,Liechtenstein,Lithuania,Luxembourg,Macau S.A.R.,Madagascar,Malawi,Malaysia,Maldives,Mali,Malta,Man (Isle of),Marshall Islands,Martinique,Mauritania,Mauritius,Mayotte,Mexico,Micronesia,Moldova,Monaco,Mongolia,Montenegro,Montserrat,Morocco,Mozambique,Myanmar,Namibia,Nauru,Nepal,Netherlands,New Caledonia,New Zealand,Nicaragua,Niger,Nigeria,Niue,Norfolk Island,North Korea,North Macedonia,Northern Mariana Islands,Norway,Oman,Pakistan,Palau,Palestinian Territory Occupied,Panama,Papua New Guinea,Paraguay,Peru,Philippines,Pitcairn Island,Poland,Portugal,Puerto Rico,Qatar,Reunion,Romania,Russia,Rwanda,Saint Helena,Saint Kitts and Nevis,Saint Lucia,Saint Pierre and Miquelon,Saint Vincent and the Grenadines,Saint-Barthelemy,Saint-Martin (French part),Samoa,San Marino,Sao Tome and Principe,Saudi Arabia,Senegal,Serbia,Seychelles,Sierra Leone,Singapore,Sint Maarten (Dutch part),Slovakia,Slovenia,Solomon Islands,Somalia,South Africa,South Georgia,South Korea,South Sudan,Spain,Sri Lanka,Sudan,Suriname,Svalbard and Jan Mayen Islands,Sweden,Switzerland,Syria,Taiwan,Tajikistan,Tanzania,Thailand,The Bahamas,Timor-Leste,Togo,Tokelau,Tonga,Trinidad and Tobago,Tunisia,Turkey,Turkmenistan,Turks and Caicos Islands,Tuvalu,Uganda,Ukraine,United Arab Emirates,United Kingdom,United States,United States Minor Outlying Islands,Uruguay,Uzbekistan,Vanuatu,Vatican City State (Holy See),Venezuela,Vietnam,Virgin Islands (British),Virgin Islands (US),Wallis and Futuna Islands,Western Sahara,Yemen,Zambia,Zimbabwe", source: https://dev-app.chataak.in/_next/static/chunks/8981-87c5dcc275eefa82.js (1)
[20804:20804:0327/102509.208444:INFO:CONSOLE(1)] "[object Object] query", source: https://dev-app.chataak.in/_next/static/chunks/8981-87c5dcc275eefa82.js (1)
[20804:20804:0327/102509.208870:INFO:CONSOLE(1)] "cities ", source: https://dev-app.chataak.in/_next/static/chunks/8981-87c5dcc275eefa82.js (1)
[20804:20804:0327/102509.210069:INFO:CONSOLE(1)] "null selectedLabel", source: https://dev-app.chataak.in/_next/static/chunks/8981-87c5dcc275eefa82.js (1)
[20804:20804:0327/102509.224571:INFO:CONSOLE(1)] "[object Object] query", source: https://dev-app.chataak.in/_next/static/chunks/8981-87c5dcc275eefa82.js (1)
[20804:20804:0327/102509.224810:INFO:CONSOLE(1)] "cities ", source: https://dev-app.chataak.in/_next/static/chunks/8981-87c5dcc275eefa82.js (1)
[20804:20804:0327/102509.225467:INFO:CONSOLE(1)] "null selectedLabel", source: https://dev-app.chataak.in/_next/static/chunks/8981-87c5dcc275eefa82.js (1)
[20804:20804:0327/102509.236549:INFO:CONSOLE(1)] "[object Object] kkk", source: https://dev-app.chataak.in/_next/static/chunks/pages/catalog-category-manager-21bb8e53a43463b7.js (1)
[20804:20804:0327/102509.237021:INFO:CONSOLE(1)] "null editdataindex", source: https://dev-app.chataak.in/_next/static/chunks/pages/catalog-category-manager-21bb8e53a43463b7.js (1)
[20804:20804:0327/102509.237327:INFO:CONSOLE(1)] "[object Object] pagepagepage", source: https://dev-app.chataak.in/_next/static/chunks/pages/catalog-category-manager-21bb8e53a43463b7.js (1)
[20804:20804:0327/102509.238202:INFO:CONSOLE(1)] "[object Object] searchDetails", source: https://dev-app.chataak.in/_next/static/chunks/pages/catalog-category-manager-21bb8e53a43463b7.js (1)
[20804:20804:0327/102509.263385:INFO:CONSOLE(1)] "[object Object] query", source: https://dev-app.chataak.in/_next/static/chunks/8981-87c5dcc275eefa82.js (1)
[20804:20804:0327/102509.263463:INFO:CONSOLE(1)] "cities ", source: https://dev-app.chataak.in/_next/static/chunks/8981-87c5dcc275eefa82.js (1)
[20804:20804:0327/102509.263902:INFO:CONSOLE(1)] "null selectedLabel", source: https://dev-app.chataak.in/_next/static/chunks/8981-87c5dcc275eefa82.js (1)
[20804:20804:0327/102509.352868:INFO:CONSOLE(1)] "1 totalRows", source: https://dev-app.chataak.in/_next/static/chunks/pages/catalog-category-manager-21bb8e53a43463b7.js (1)
[20804:20804:0327/102509.352958:INFO:CONSOLE(1)] "[object Object] dfddfdfdd", source: https://dev-app.chataak.in/_next/static/chunks/pages/catalog-category-manager-21bb8e53a43463b7.js (1)
[20804:20804:0327/102509.409339:INFO:CONSOLE(1)] "1 totalRows", source: https://dev-app.chataak.in/_next/static/chunks/pages/catalog-category-manager-21bb8e53a43463b7.js (1)
[20804:20804:0327/102509.409423:INFO:CONSOLE(1)] "[object Object] dfddfdfdd", source: https://dev-app.chataak.in/_next/static/chunks/pages/catalog-category-manager-21bb8e53a43463b7.js (1)
[20804:20804:0327/102509.473423:INFO:CONSOLE(1)] "[object Object] kkk", source: https://dev-app.chataak.in/_next/static/chunks/pages/catalog-category-manager-21bb8e53a43463b7.js (1)
[20804:20804:0327/102509.473812:INFO:CONSOLE(1)] "null editdataindex", source: https://dev-app.chataak.in/_next/static/chunks/pages/catalog-category-manager-21bb8e53a43463b7.js (1)
[20804:20804:0327/102509.473879:INFO:CONSOLE(1)] "[object Object] pagepagepage", source: https://dev-app.chataak.in/_next/static/chunks/pages/catalog-category-manager-21bb8e53a43463b7.js (1)
[20804:20804:0327/102509.474293:INFO:CONSOLE(1)] "[object Object] searchDetails", source: https://dev-app.chataak.in/_next/static/chunks/pages/catalog-category-manager-21bb8e53a43463b7.js (1)
[20804:20804:0327/102509.488953:INFO:CONSOLE(1)] "1 totalRows", source: https://dev-app.chataak.in/_next/static/chunks/pages/catalog-category-manager-21bb8e53a43463b7.js (1)
[20804:20804:0327/102509.489081:INFO:CONSOLE(1)] "[object Object] dfddfdfdd", source: https://dev-app.chataak.in/_next/static/chunks/pages/catalog-category-manager-21bb8e53a43463b7.js (1)
[20804:20804:0327/102509.496972:INFO:CONSOLE(1)] "[object Object] query", source: https://dev-app.chataak.in/_next/static/chunks/8981-87c5dcc275eefa82.js (1)
[20804:20804:0327/102509.497075:INFO:CONSOLE(1)] "cities ", source: https://dev-app.chataak.in/_next/static/chunks/8981-87c5dcc275eefa82.js (1)
[20804:20804:0327/102509.497355:INFO:CONSOLE(1)] "null selectedLabel", source: https://dev-app.chataak.in/_next/static/chunks/8981-87c5dcc275eefa82.js (1)
[20804:20804:0327/102509.527773:INFO:CONSOLE(1)] "1 totalRows", source: https://dev-app.chataak.in/_next/static/chunks/pages/catalog-category-manager-21bb8e53a43463b7.js (1)
[20804:20804:0327/102509.527949:INFO:CONSOLE(1)] "[object Object] dfddfdfdd", source: https://dev-app.chataak.in/_next/static/chunks/pages/catalog-category-manager-21bb8e53a43463b7.js (1)
[20804:20804:0327/102509.548808:INFO:CONSOLE(1)] "1 totalRows", source: https://dev-app.chataak.in/_next/static/chunks/pages/catalog-category-manager-21bb8e53a43463b7.js (1)
[20804:20804:0327/102509.549000:INFO:CONSOLE(1)] "[object Object] dfddfdfdd", source: https://dev-app.chataak.in/_next/static/chunks/pages/catalog-category-manager-21bb8e53a43463b7.js (1)
[20853:20853:0327/102512.753684:ERROR:gl_surface_presentation_helper.cc(260)] GetVSyncParametersIfAvailable() failed for 1 times!
